2019-02-18 13:48:00,854-INFO-test_api.py-TestApi-日志信息:开始执行第1条登录用例
2019-02-18 13:48:01,029-INFO-test_api.py-TestApi-日志信息:第1条登录用例执行结果：Pass
2019-02-18 13:48:01,030-INFO-test_api.py-TestApi-日志信息:开始执行第2条登录用例
2019-02-18 13:48:01,142-INFO-test_api.py-TestApi-日志信息:第2条登录用例执行结果：Pass
2019-02-18 13:48:01,143-INFO-test_api.py-TestApi-日志信息:开始执行第3条登录用例
2019-02-18 13:48:01,255-INFO-test_api.py-TestApi-日志信息:第3条登录用例执行结果：Pass
2019-02-18 13:48:01,255-INFO-test_api.py-TestApi-日志信息:开始执行第4条登录用例
2019-02-18 13:48:01,371-INFO-test_api.py-TestApi-日志信息:第4条登录用例执行结果：Pass
2019-02-18 13:48:01,372-INFO-test_api.py-TestApi-日志信息:开始执行第5条登录用例
2019-02-18 13:48:01,488-INFO-test_api.py-TestApi-日志信息:第5条登录用例执行结果：Pass
2019-02-18 13:48:01,489-INFO-test_api.py-TestApi-日志信息:开始执行第6条登录用例
2019-02-18 13:48:01,627-INFO-test_api.py-TestApi-日志信息:第6条登录用例执行结果：Pass
2019-02-18 13:48:01,627-INFO-test_api.py-TestApi-日志信息:开始执行第7条登录用例
2019-02-18 13:48:01,743-INFO-test_api.py-TestApi-日志信息:第7条登录用例执行结果：Pass
2019-02-18 13:48:01,743-INFO-test_api.py-TestApi-日志信息:开始执行第8条登录用例
2019-02-18 13:48:01,888-INFO-test_api.py-TestApi-日志信息:第8条登录用例执行结果：Pass
2019-02-18 13:48:01,889-INFO-test_api.py-TestApi-日志信息:开始执行第9条登录用例
2019-02-18 13:48:02,003-INFO-test_api.py-TestApi-日志信息:第9条登录用例执行结果：Pass
2019-02-18 13:48:02,004-INFO-test_api.py-TestApi-日志信息:开始执行第10条登录用例
2019-02-18 13:48:02,117-INFO-test_api.py-TestApi-日志信息:第10条登录用例执行结果：Pass
2019-02-18 13:48:02,118-INFO-test_api.py-TestApi-日志信息:开始执行第11条登录用例
2019-02-18 13:48:02,256-INFO-test_api.py-TestApi-日志信息:第11条登录用例执行结果：Pass
2019-02-18 13:48:02,256-INFO-test_api.py-TestApi-日志信息:开始执行第12条登录用例
2019-02-18 13:48:02,375-INFO-test_api.py-TestApi-日志信息:第12条登录用例执行结果：Pass
2019-02-18 13:48:02,375-INFO-test_api.py-TestApi-日志信息:开始执行第13条登录用例
2019-02-18 13:48:02,502-INFO-test_api.py-TestApi-日志信息:第13条登录用例执行结果：Pass
2019-02-18 13:48:02,503-INFO-test_api.py-TestApi-日志信息:开始执行第14条登录用例
2019-02-18 13:48:02,621-INFO-test_api.py-TestApi-日志信息:第14条登录用例执行结果：Pass
2019-02-18 13:50:48,066-INFO-test_api.py-TestApi-日志信息:开始执行第1条登录用例
2019-02-18 13:50:48,260-INFO-test_api.py-TestApi-日志信息:第1条登录用例执行结果：Pass
2019-02-18 13:50:48,260-INFO-test_api.py-TestApi-日志信息:开始执行第2条登录用例
2019-02-18 13:50:48,386-INFO-test_api.py-TestApi-日志信息:第2条登录用例执行结果：Pass
2019-02-18 13:50:48,386-INFO-test_api.py-TestApi-日志信息:开始执行第3条登录用例
2019-02-18 13:50:48,501-INFO-test_api.py-TestApi-日志信息:第3条登录用例执行结果：Pass
2019-02-18 13:50:48,502-INFO-test_api.py-TestApi-日志信息:开始执行第4条登录用例
2019-02-18 13:50:48,616-INFO-test_api.py-TestApi-日志信息:第4条登录用例执行结果：Pass
2019-02-18 13:50:48,617-INFO-test_api.py-TestApi-日志信息:开始执行第5条登录用例
2019-02-18 13:50:48,735-INFO-test_api.py-TestApi-日志信息:第5条登录用例执行结果：Pass
2019-02-18 13:50:48,736-INFO-test_api.py-TestApi-日志信息:开始执行第6条登录用例
2019-02-18 13:50:48,875-INFO-test_api.py-TestApi-日志信息:第6条登录用例执行结果：Pass
2019-02-18 13:50:48,876-INFO-test_api.py-TestApi-日志信息:开始执行第7条登录用例
2019-02-18 13:50:49,020-INFO-test_api.py-TestApi-日志信息:第7条登录用例执行结果：Pass
2019-02-18 13:50:49,021-INFO-test_api.py-TestApi-日志信息:开始执行第8条登录用例
2019-02-18 13:50:49,160-INFO-test_api.py-TestApi-日志信息:第8条登录用例执行结果：Pass
2019-02-18 13:50:49,160-INFO-test_api.py-TestApi-日志信息:开始执行第9条登录用例
2019-02-18 13:50:49,278-INFO-test_api.py-TestApi-日志信息:第9条登录用例执行结果：Pass
2019-02-18 13:50:49,279-INFO-test_api.py-TestApi-日志信息:开始执行第10条登录用例
2019-02-18 13:50:49,394-INFO-test_api.py-TestApi-日志信息:第10条登录用例执行结果：Pass
2019-02-18 13:50:49,395-INFO-test_api.py-TestApi-日志信息:开始执行第11条登录用例
2019-02-18 13:50:49,510-INFO-test_api.py-TestApi-日志信息:第11条登录用例执行结果：Pass
2019-02-18 13:50:49,510-INFO-test_api.py-TestApi-日志信息:开始执行第12条登录用例
2019-02-18 13:50:49,627-INFO-test_api.py-TestApi-日志信息:第12条登录用例执行结果：Pass
2019-02-18 13:50:49,628-INFO-test_api.py-TestApi-日志信息:开始执行第13条登录用例
2019-02-18 13:50:49,755-INFO-test_api.py-TestApi-日志信息:第13条登录用例执行结果：Pass
2019-02-18 13:50:49,755-INFO-test_api.py-TestApi-日志信息:开始执行第14条登录用例
2019-02-18 13:50:49,874-INFO-test_api.py-TestApi-日志信息:第14条登录用例执行结果：Pass
2019-02-18 15:43:03,688-INFO-test_api.py-TestApi-日志信息:开始执行第1条登录用例
2019-02-18 15:43:03,862-INFO-test_api.py-TestApi-日志信息:第1条登录用例执行结果：Pass
2019-02-18 15:43:03,862-INFO-test_api.py-TestApi-日志信息:开始执行第2条登录用例
2019-02-18 15:43:04,015-INFO-test_api.py-TestApi-日志信息:第2条登录用例执行结果：Pass
2019-02-18 15:43:04,016-INFO-test_api.py-TestApi-日志信息:开始执行第3条登录用例
2019-02-18 15:43:04,180-INFO-test_api.py-TestApi-日志信息:第3条登录用例执行结果：Pass
2019-02-18 15:43:04,181-INFO-test_api.py-TestApi-日志信息:开始执行第4条登录用例
2019-02-18 15:43:04,356-INFO-test_api.py-TestApi-日志信息:第4条登录用例执行结果：Pass
2019-02-18 15:43:04,358-INFO-test_api.py-TestApi-日志信息:开始执行第5条登录用例
2019-02-18 15:43:04,548-INFO-test_api.py-TestApi-日志信息:第5条登录用例执行结果：Pass
2019-02-18 15:43:04,549-INFO-test_api.py-TestApi-日志信息:开始执行第6条登录用例
2019-02-18 15:43:04,692-INFO-test_api.py-TestApi-日志信息:第6条登录用例执行结果：Pass
2019-02-18 15:43:04,692-INFO-test_api.py-TestApi-日志信息:开始执行第7条登录用例
2019-02-18 15:43:04,836-INFO-test_api.py-TestApi-日志信息:第7条登录用例执行结果：Pass
2019-02-18 15:43:04,837-INFO-test_api.py-TestApi-日志信息:开始执行第8条登录用例
2019-02-18 15:43:04,963-INFO-test_api.py-TestApi-日志信息:第8条登录用例执行结果：Pass
2019-02-18 15:43:04,963-INFO-test_api.py-TestApi-日志信息:开始执行第9条登录用例
2019-02-18 15:43:05,097-INFO-test_api.py-TestApi-日志信息:第9条登录用例执行结果：Pass
2019-02-18 15:43:05,098-INFO-test_api.py-TestApi-日志信息:开始执行第10条登录用例
2019-02-18 15:43:05,222-INFO-test_api.py-TestApi-日志信息:第10条登录用例执行结果：Pass
2019-02-18 15:43:05,223-INFO-test_api.py-TestApi-日志信息:开始执行第11条登录用例
2019-02-18 15:43:05,348-INFO-test_api.py-TestApi-日志信息:第11条登录用例执行结果：Pass
2019-02-18 15:43:05,349-INFO-test_api.py-TestApi-日志信息:开始执行第12条登录用例
2019-02-18 15:43:05,485-INFO-test_api.py-TestApi-日志信息:第12条登录用例执行结果：Pass
2019-02-18 15:43:05,486-INFO-test_api.py-TestApi-日志信息:开始执行第13条登录用例
2019-02-18 15:43:05,631-INFO-test_api.py-TestApi-日志信息:第13条登录用例执行结果：Pass
2019-02-18 15:43:05,631-INFO-test_api.py-TestApi-日志信息:开始执行第14条登录用例
2019-02-18 15:43:05,754-INFO-test_api.py-TestApi-日志信息:第14条登录用例执行结果：Pass
2019-02-18 16:31:01,223-INFO-s-TestApi-日志信息:开始执行第1条登录用例-30
2019-02-18 16:31:01,405-INFO-s-TestApi-日志信息:第1条登录用例执行结果：Pass-36
2019-02-18 16:31:01,406-INFO-s-TestApi-日志信息:开始执行第2条登录用例-30
2019-02-18 16:31:01,519-INFO-s-TestApi-日志信息:第2条登录用例执行结果：Pass-36
2019-02-18 16:31:01,520-INFO-s-TestApi-日志信息:开始执行第3条登录用例-30
2019-02-18 16:31:01,634-INFO-s-TestApi-日志信息:第3条登录用例执行结果：Pass-36
2019-02-18 16:31:01,634-INFO-s-TestApi-日志信息:开始执行第4条登录用例-30
2019-02-18 16:31:01,776-INFO-s-TestApi-日志信息:第4条登录用例执行结果：Pass-36
2019-02-18 16:31:01,776-INFO-s-TestApi-日志信息:开始执行第5条登录用例-30
2019-02-18 16:31:01,915-INFO-s-TestApi-日志信息:第5条登录用例执行结果：Pass-36
2019-02-18 16:31:01,916-INFO-s-TestApi-日志信息:开始执行第6条登录用例-30
2019-02-18 16:31:02,036-INFO-s-TestApi-日志信息:第6条登录用例执行结果：Pass-36
2019-02-18 16:31:02,036-INFO-s-TestApi-日志信息:开始执行第7条登录用例-30
2019-02-18 16:31:02,155-INFO-s-TestApi-日志信息:第7条登录用例执行结果：Pass-36
2019-02-18 16:31:02,155-INFO-s-TestApi-日志信息:开始执行第8条登录用例-30
2019-02-18 16:31:02,273-INFO-s-TestApi-日志信息:第8条登录用例执行结果：Pass-36
2019-02-18 16:31:02,273-INFO-s-TestApi-日志信息:开始执行第9条登录用例-30
2019-02-18 16:31:02,395-INFO-s-TestApi-日志信息:第9条登录用例执行结果：Pass-36
2019-02-18 16:31:02,395-INFO-s-TestApi-日志信息:开始执行第10条登录用例-30
2019-02-18 16:31:02,520-INFO-s-TestApi-日志信息:第10条登录用例执行结果：Pass-36
2019-02-18 16:31:02,521-INFO-s-TestApi-日志信息:开始执行第11条登录用例-30
2019-02-18 16:31:02,650-INFO-s-TestApi-日志信息:第11条登录用例执行结果：Pass-36
2019-02-18 16:31:02,650-INFO-s-TestApi-日志信息:开始执行第12条登录用例-30
2019-02-18 16:31:02,783-INFO-s-TestApi-日志信息:第12条登录用例执行结果：Pass-36
2019-02-18 16:31:02,783-INFO-s-TestApi-日志信息:开始执行第13条登录用例-30
2019-02-18 16:31:02,924-INFO-s-TestApi-日志信息:第13条登录用例执行结果：Pass-36
2019-02-18 16:31:02,925-INFO-s-TestApi-日志信息:开始执行第14条登录用例-30
2019-02-18 16:31:03,050-INFO-s-TestApi-日志信息:第14条登录用例执行结果：Pass-36
[2019-02-18 16:32:05,976]-[INFO]-[TestApi]-[日志信息:开始执行第1条登录用例]-[30]
[2019-02-18 16:32:06,156]-[INFO]-[TestApi]-[日志信息:第1条登录用例执行结果：Pass]-[36]
[2019-02-18 16:32:06,157]-[INFO]-[TestApi]-[日志信息:开始执行第2条登录用例]-[30]
[2019-02-18 16:32:06,274]-[INFO]-[TestApi]-[日志信息:第2条登录用例执行结果：Pass]-[36]
[2019-02-18 16:32:06,274]-[INFO]-[TestApi]-[日志信息:开始执行第3条登录用例]-[30]
[2019-02-18 16:32:06,408]-[INFO]-[TestApi]-[日志信息:第3条登录用例执行结果：Pass]-[36]
[2019-02-18 16:32:06,408]-[INFO]-[TestApi]-[日志信息:开始执行第4条登录用例]-[30]
[2019-02-18 16:32:06,528]-[INFO]-[TestApi]-[日志信息:第4条登录用例执行结果：Pass]-[36]
[2019-02-18 16:32:06,529]-[INFO]-[TestApi]-[日志信息:开始执行第5条登录用例]-[30]
[2019-02-18 16:32:06,644]-[INFO]-[TestApi]-[日志信息:第5条登录用例执行结果：Pass]-[36]
[2019-02-18 16:32:06,645]-[INFO]-[TestApi]-[日志信息:开始执行第6条登录用例]-[30]
[2019-02-18 16:32:06,780]-[INFO]-[TestApi]-[日志信息:第6条登录用例执行结果：Pass]-[36]
[2019-02-18 16:32:06,781]-[INFO]-[TestApi]-[日志信息:开始执行第7条登录用例]-[30]
[2019-02-18 16:32:06,898]-[INFO]-[TestApi]-[日志信息:第7条登录用例执行结果：Pass]-[36]
[2019-02-18 16:32:06,898]-[INFO]-[TestApi]-[日志信息:开始执行第8条登录用例]-[30]
[2019-02-18 16:32:07,015]-[INFO]-[TestApi]-[日志信息:第8条登录用例执行结果：Pass]-[36]
[2019-02-18 16:32:07,016]-[INFO]-[TestApi]-[日志信息:开始执行第9条登录用例]-[30]
[2019-02-18 16:32:07,136]-[INFO]-[TestApi]-[日志信息:第9条登录用例执行结果：Pass]-[36]
[2019-02-18 16:32:07,136]-[INFO]-[TestApi]-[日志信息:开始执行第10条登录用例]-[30]
[2019-02-18 16:32:07,248]-[INFO]-[TestApi]-[日志信息:第10条登录用例执行结果：Pass]-[36]
[2019-02-18 16:32:07,248]-[INFO]-[TestApi]-[日志信息:开始执行第11条登录用例]-[30]
[2019-02-18 16:32:07,363]-[INFO]-[TestApi]-[日志信息:第11条登录用例执行结果：Pass]-[36]
[2019-02-18 16:32:07,363]-[INFO]-[TestApi]-[日志信息:开始执行第12条登录用例]-[30]
[2019-02-18 16:32:07,525]-[INFO]-[TestApi]-[日志信息:第12条登录用例执行结果：Pass]-[36]
[2019-02-18 16:32:07,525]-[INFO]-[TestApi]-[日志信息:开始执行第13条登录用例]-[30]
[2019-02-18 16:32:07,652]-[INFO]-[TestApi]-[日志信息:第13条登录用例执行结果：Pass]-[36]
[2019-02-18 16:32:07,652]-[INFO]-[TestApi]-[日志信息:开始执行第14条登录用例]-[30]
[2019-02-18 16:32:07,804]-[INFO]-[TestApi]-[日志信息:第14条登录用例执行结果：Pass]-[36]
[2019-02-18 16:36:38,170]-[INFO]-[TestRecharge]-[日志信息:
开始执行第1条用例]-[32]
[2019-02-18 16:36:38,446]-[ERROR]-[TestRecharge]-[日志信息:充值第1条用例执行结果：Failed]-[44]
[2019-02-18 16:36:38,449]-[INFO]-[TestRecharge]-[日志信息:
开始执行第2条用例]-[32]
[2019-02-18 16:36:38,567]-[INFO]-[TestRecharge]-[日志信息:充值第2条用例执行结果：Pass]-[41]
[2019-02-18 16:36:38,568]-[INFO]-[TestRecharge]-[日志信息:
开始执行第3条用例]-[32]
[2019-02-18 16:36:38,704]-[INFO]-[TestRecharge]-[日志信息:充值第3条用例执行结果：Pass]-[41]
[2019-02-18 16:36:38,705]-[INFO]-[TestRecharge]-[日志信息:
开始执行第4条用例]-[32]
[2019-02-18 16:36:38,839]-[INFO]-[TestRecharge]-[日志信息:充值第4条用例执行结果：Pass]-[41]
[2019-02-18 16:36:38,840]-[INFO]-[TestRecharge]-[日志信息:
开始执行第5条用例]-[32]
[2019-02-18 16:36:38,998]-[INFO]-[TestRecharge]-[日志信息:充值第5条用例执行结果：Pass]-[41]
[2019-02-18 16:36:38,998]-[INFO]-[TestRecharge]-[日志信息:
开始执行第6条用例]-[32]
[2019-02-18 16:36:39,110]-[INFO]-[TestRecharge]-[日志信息:充值第6条用例执行结果：Pass]-[41]
[2019-02-18 16:36:39,111]-[INFO]-[TestRecharge]-[日志信息:
开始执行第7条用例]-[32]
[2019-02-18 16:36:39,248]-[INFO]-[TestRecharge]-[日志信息:充值第7条用例执行结果：Pass]-[41]
[2019-02-18 16:36:39,249]-[INFO]-[TestRecharge]-[日志信息:
开始执行第8条用例]-[32]
[2019-02-18 16:36:39,378]-[INFO]-[TestRecharge]-[日志信息:充值第8条用例执行结果：Pass]-[41]
[2019-02-18 16:36:39,379]-[INFO]-[TestRecharge]-[日志信息:
开始执行第9条用例]-[32]
[2019-02-18 16:36:39,495]-[INFO]-[TestRecharge]-[日志信息:充值第9条用例执行结果：Pass]-[41]
[2019-02-18 16:36:39,495]-[INFO]-[TestRecharge]-[日志信息:
开始执行第10条用例]-[32]
[2019-02-18 16:36:39,614]-[INFO]-[TestRecharge]-[日志信息:充值第10条用例执行结果：Pass]-[41]
[2019-02-18 16:36:39,614]-[INFO]-[TestRecharge]-[日志信息:
开始执行第11条用例]-[32]
[2019-02-18 16:36:39,751]-[INFO]-[TestRecharge]-[日志信息:充值第11条用例执行结果：Pass]-[41]
[2019-02-18 16:36:39,752]-[INFO]-[TestRecharge]-[日志信息:
开始执行第12条用例]-[32]
[2019-02-18 16:36:39,867]-[INFO]-[TestRecharge]-[日志信息:充值第12条用例执行结果：Pass]-[41]
[2019-02-18 16:36:39,868]-[INFO]-[TestRecharge]-[日志信息:
开始执行第13条用例]-[32]
[2019-02-18 16:36:39,995]-[INFO]-[TestRecharge]-[日志信息:充值第13条用例执行结果：Pass]-[41]
[2019-02-18 16:36:39,996]-[INFO]-[TestRecharge]-[日志信息:
开始执行第14条用例]-[32]
[2019-02-18 16:36:40,153]-[ERROR]-[TestRecharge]-[日志信息:充值第14条用例执行结果：Failed]-[44]
[2019-02-18 16:36:40,154]-[INFO]-[TestRecharge]-[日志信息:
开始执行第15条用例]-[32]
[2019-02-18 16:36:40,290]-[INFO]-[TestRecharge]-[日志信息:充值第15条用例执行结果：Pass]-[41]
[2019-02-18 16:36:40,291]-[INFO]-[TestRecharge]-[日志信息:
开始执行第16条用例]-[32]
[2019-02-18 16:36:40,406]-[INFO]-[TestRecharge]-[日志信息:充值第16条用例执行结果：Pass]-[41]
[2019-02-18 16:36:40,407]-[INFO]-[TestRecharge]-[日志信息:
开始执行第17条用例]-[32]
[2019-02-18 16:36:40,526]-[INFO]-[TestRecharge]-[日志信息:充值第17条用例执行结果：Pass]-[41]
[2019-02-18 16:36:40,527]-[INFO]-[TestRecharge]-[日志信息:
开始执行第18条用例]-[32]
[2019-02-18 16:36:40,648]-[INFO]-[TestRecharge]-[日志信息:充值第18条用例执行结果：Pass]-[41]
[2019-02-18 16:36:40,649]-[INFO]-[TestRecharge]-[日志信息:
开始执行第19条用例]-[32]
[2019-02-18 16:36:40,770]-[INFO]-[TestRecharge]-[日志信息:充值第19条用例执行结果：Pass]-[41]
[2019-02-18 16:36:40,770]-[INFO]-[TestRecharge]-[日志信息:
开始执行第20条用例]-[32]
[2019-02-18 16:36:40,906]-[ERROR]-[TestRecharge]-[日志信息:充值第20条用例执行结果：Failed]-[44]
[2019-02-18 16:38:20,947]-[INFO]-[TestRecharge]-[日志信息:开始执行第1条用例]-[32]
[2019-02-18 16:38:21,194]-[ERROR]-[TestRecharge]-[日志信息:充值第1条用例执行结果：Failed]-[44]
[2019-02-18 16:38:21,197]-[INFO]-[TestRecharge]-[日志信息:开始执行第2条用例]-[32]
[2019-02-18 16:38:21,316]-[INFO]-[TestRecharge]-[日志信息:充值第2条用例执行结果：Pass]-[41]
[2019-02-18 16:38:21,317]-[INFO]-[TestRecharge]-[日志信息:开始执行第3条用例]-[32]
[2019-02-18 16:38:21,464]-[INFO]-[TestRecharge]-[日志信息:充值第3条用例执行结果：Pass]-[41]
[2019-02-18 16:38:21,465]-[INFO]-[TestRecharge]-[日志信息:开始执行第4条用例]-[32]
[2019-02-18 16:38:21,594]-[INFO]-[TestRecharge]-[日志信息:充值第4条用例执行结果：Pass]-[41]
[2019-02-18 16:38:21,595]-[INFO]-[TestRecharge]-[日志信息:开始执行第5条用例]-[32]
[2019-02-18 16:38:21,723]-[INFO]-[TestRecharge]-[日志信息:充值第5条用例执行结果：Pass]-[41]
[2019-02-18 16:38:21,724]-[INFO]-[TestRecharge]-[日志信息:开始执行第6条用例]-[32]
[2019-02-18 16:38:21,841]-[INFO]-[TestRecharge]-[日志信息:充值第6条用例执行结果：Pass]-[41]
[2019-02-18 16:38:21,842]-[INFO]-[TestRecharge]-[日志信息:开始执行第7条用例]-[32]
[2019-02-18 16:38:21,957]-[INFO]-[TestRecharge]-[日志信息:充值第7条用例执行结果：Pass]-[41]
[2019-02-18 16:38:21,958]-[INFO]-[TestRecharge]-[日志信息:开始执行第8条用例]-[32]
[2019-02-18 16:38:22,077]-[INFO]-[TestRecharge]-[日志信息:充值第8条用例执行结果：Pass]-[41]
[2019-02-18 16:38:22,078]-[INFO]-[TestRecharge]-[日志信息:开始执行第9条用例]-[32]
[2019-02-18 16:38:22,201]-[INFO]-[TestRecharge]-[日志信息:充值第9条用例执行结果：Pass]-[41]
[2019-02-18 16:38:22,202]-[INFO]-[TestRecharge]-[日志信息:开始执行第10条用例]-[32]
[2019-02-18 16:38:22,315]-[INFO]-[TestRecharge]-[日志信息:充值第10条用例执行结果：Pass]-[41]
[2019-02-18 16:38:22,316]-[INFO]-[TestRecharge]-[日志信息:开始执行第11条用例]-[32]
[2019-02-18 16:38:22,444]-[INFO]-[TestRecharge]-[日志信息:充值第11条用例执行结果：Pass]-[41]
[2019-02-18 16:38:22,445]-[INFO]-[TestRecharge]-[日志信息:开始执行第12条用例]-[32]
[2019-02-18 16:38:22,596]-[INFO]-[TestRecharge]-[日志信息:充值第12条用例执行结果：Pass]-[41]
[2019-02-18 16:38:22,597]-[INFO]-[TestRecharge]-[日志信息:开始执行第13条用例]-[32]
[2019-02-18 16:38:22,743]-[INFO]-[TestRecharge]-[日志信息:充值第13条用例执行结果：Pass]-[41]
[2019-02-18 16:38:22,743]-[INFO]-[TestRecharge]-[日志信息:开始执行第14条用例]-[32]
[2019-02-18 16:38:22,890]-[ERROR]-[TestRecharge]-[日志信息:充值第14条用例执行结果：Failed]-[44]
[2019-02-18 16:38:22,891]-[INFO]-[TestRecharge]-[日志信息:开始执行第15条用例]-[32]
[2019-02-18 16:38:23,043]-[INFO]-[TestRecharge]-[日志信息:充值第15条用例执行结果：Pass]-[41]
[2019-02-18 16:38:23,043]-[INFO]-[TestRecharge]-[日志信息:开始执行第16条用例]-[32]
[2019-02-18 16:38:23,184]-[INFO]-[TestRecharge]-[日志信息:充值第16条用例执行结果：Pass]-[41]
[2019-02-18 16:38:23,185]-[INFO]-[TestRecharge]-[日志信息:开始执行第17条用例]-[32]
[2019-02-18 16:38:23,306]-[INFO]-[TestRecharge]-[日志信息:充值第17条用例执行结果：Pass]-[41]
[2019-02-18 16:38:23,307]-[INFO]-[TestRecharge]-[日志信息:开始执行第18条用例]-[32]
[2019-02-18 16:38:23,424]-[INFO]-[TestRecharge]-[日志信息:充值第18条用例执行结果：Pass]-[41]
[2019-02-18 16:38:23,425]-[INFO]-[TestRecharge]-[日志信息:开始执行第19条用例]-[32]
[2019-02-18 16:38:23,542]-[INFO]-[TestRecharge]-[日志信息:充值第19条用例执行结果：Pass]-[41]
[2019-02-18 16:38:23,543]-[INFO]-[TestRecharge]-[日志信息:开始执行第20条用例]-[32]
[2019-02-18 16:38:23,706]-[ERROR]-[TestRecharge]-[日志信息:充值第20条用例执行结果：Failed]-[44]
[2019-02-18 16:55:57,322]-[INFO]-[TestApi]-[日志信息:开始执行第1条登录用例]-[30]
[2019-02-18 16:55:57,501]-[INFO]-[TestApi]-[日志信息:第1条登录用例执行结果：Pass]-[36]
[2019-02-18 16:55:57,502]-[INFO]-[TestApi]-[日志信息:开始执行第2条登录用例]-[30]
[2019-02-18 16:55:57,654]-[INFO]-[TestApi]-[日志信息:第2条登录用例执行结果：Pass]-[36]
[2019-02-18 16:55:57,655]-[INFO]-[TestApi]-[日志信息:开始执行第3条登录用例]-[30]
[2019-02-18 16:55:57,766]-[INFO]-[TestApi]-[日志信息:第3条登录用例执行结果：Pass]-[36]
[2019-02-18 16:55:57,766]-[INFO]-[TestApi]-[日志信息:开始执行第4条登录用例]-[30]
[2019-02-18 16:55:57,895]-[INFO]-[TestApi]-[日志信息:第4条登录用例执行结果：Pass]-[36]
[2019-02-18 16:55:57,895]-[INFO]-[TestApi]-[日志信息:开始执行第5条登录用例]-[30]
[2019-02-18 16:55:58,016]-[INFO]-[TestApi]-[日志信息:第5条登录用例执行结果：Pass]-[36]
[2019-02-18 16:55:58,017]-[INFO]-[TestApi]-[日志信息:开始执行第6条登录用例]-[30]
[2019-02-18 16:55:58,134]-[INFO]-[TestApi]-[日志信息:第6条登录用例执行结果：Pass]-[36]
[2019-02-18 16:55:58,135]-[INFO]-[TestApi]-[日志信息:开始执行第7条登录用例]-[30]
[2019-02-18 16:55:58,252]-[INFO]-[TestApi]-[日志信息:第7条登录用例执行结果：Pass]-[36]
[2019-02-18 16:55:58,253]-[INFO]-[TestApi]-[日志信息:开始执行第8条登录用例]-[30]
[2019-02-18 16:55:58,372]-[INFO]-[TestApi]-[日志信息:第8条登录用例执行结果：Pass]-[36]
[2019-02-18 16:55:58,372]-[INFO]-[TestApi]-[日志信息:开始执行第9条登录用例]-[30]
[2019-02-18 16:55:58,490]-[INFO]-[TestApi]-[日志信息:第9条登录用例执行结果：Pass]-[36]
[2019-02-18 16:55:58,490]-[INFO]-[TestApi]-[日志信息:开始执行第10条登录用例]-[30]
[2019-02-18 16:55:58,631]-[INFO]-[TestApi]-[日志信息:第10条登录用例执行结果：Pass]-[36]
[2019-02-18 16:55:58,632]-[INFO]-[TestApi]-[日志信息:开始执行第11条登录用例]-[30]
[2019-02-18 16:55:58,780]-[INFO]-[TestApi]-[日志信息:第11条登录用例执行结果：Pass]-[36]
[2019-02-18 16:55:58,780]-[INFO]-[TestApi]-[日志信息:开始执行第12条登录用例]-[30]
[2019-02-18 16:55:58,916]-[INFO]-[TestApi]-[日志信息:第12条登录用例执行结果：Pass]-[36]
[2019-02-18 16:55:58,916]-[INFO]-[TestApi]-[日志信息:开始执行第13条登录用例]-[30]
[2019-02-18 16:55:59,046]-[INFO]-[TestApi]-[日志信息:第13条登录用例执行结果：Pass]-[36]
[2019-02-18 16:55:59,047]-[INFO]-[TestApi]-[日志信息:开始执行第14条登录用例]-[30]
[2019-02-18 16:55:59,174]-[INFO]-[TestApi]-[日志信息:第14条登录用例执行结果：Pass]-[36]
[2019-02-18 16:56:04,297]-[INFO]-[TestRecharge]-[日志信息:开始执行第1条用例]-[32]
[2019-02-18 16:56:04,553]-[ERROR]-[TestRecharge]-[日志信息:充值第1条用例执行结果：Failed]-[44]
[2019-02-18 16:56:04,555]-[INFO]-[TestRecharge]-[日志信息:开始执行第2条用例]-[32]
[2019-02-18 16:56:04,671]-[INFO]-[TestRecharge]-[日志信息:充值第2条用例执行结果：Pass]-[41]
[2019-02-18 16:56:04,671]-[INFO]-[TestRecharge]-[日志信息:开始执行第3条用例]-[32]
[2019-02-18 16:56:04,812]-[INFO]-[TestRecharge]-[日志信息:充值第3条用例执行结果：Pass]-[41]
[2019-02-18 16:56:04,812]-[INFO]-[TestRecharge]-[日志信息:开始执行第4条用例]-[32]
[2019-02-18 16:56:04,924]-[INFO]-[TestRecharge]-[日志信息:充值第4条用例执行结果：Pass]-[41]
[2019-02-18 16:56:04,924]-[INFO]-[TestRecharge]-[日志信息:开始执行第5条用例]-[32]
[2019-02-18 16:56:05,036]-[INFO]-[TestRecharge]-[日志信息:充值第5条用例执行结果：Pass]-[41]
[2019-02-18 16:56:05,036]-[INFO]-[TestRecharge]-[日志信息:开始执行第6条用例]-[32]
[2019-02-18 16:56:05,150]-[INFO]-[TestRecharge]-[日志信息:充值第6条用例执行结果：Pass]-[41]
[2019-02-18 16:56:05,151]-[INFO]-[TestRecharge]-[日志信息:开始执行第7条用例]-[32]
[2019-02-18 16:56:05,305]-[INFO]-[TestRecharge]-[日志信息:充值第7条用例执行结果：Pass]-[41]
[2019-02-18 16:56:05,305]-[INFO]-[TestRecharge]-[日志信息:开始执行第8条用例]-[32]
[2019-02-18 16:56:05,416]-[INFO]-[TestRecharge]-[日志信息:充值第8条用例执行结果：Pass]-[41]
[2019-02-18 16:56:05,416]-[INFO]-[TestRecharge]-[日志信息:开始执行第9条用例]-[32]
[2019-02-18 16:56:05,569]-[INFO]-[TestRecharge]-[日志信息:充值第9条用例执行结果：Pass]-[41]
[2019-02-18 16:56:05,569]-[INFO]-[TestRecharge]-[日志信息:开始执行第10条用例]-[32]
[2019-02-18 16:56:05,681]-[INFO]-[TestRecharge]-[日志信息:充值第10条用例执行结果：Pass]-[41]
[2019-02-18 16:56:05,682]-[INFO]-[TestRecharge]-[日志信息:开始执行第11条用例]-[32]
[2019-02-18 16:56:05,848]-[INFO]-[TestRecharge]-[日志信息:充值第11条用例执行结果：Pass]-[41]
[2019-02-18 16:56:05,849]-[INFO]-[TestRecharge]-[日志信息:开始执行第12条用例]-[32]
[2019-02-18 16:56:05,961]-[INFO]-[TestRecharge]-[日志信息:充值第12条用例执行结果：Pass]-[41]
[2019-02-18 16:56:05,962]-[INFO]-[TestRecharge]-[日志信息:开始执行第13条用例]-[32]
[2019-02-18 16:56:06,077]-[INFO]-[TestRecharge]-[日志信息:充值第13条用例执行结果：Pass]-[41]
[2019-02-18 16:56:06,077]-[INFO]-[TestRecharge]-[日志信息:开始执行第14条用例]-[32]
[2019-02-18 16:56:06,202]-[ERROR]-[TestRecharge]-[日志信息:充值第14条用例执行结果：Failed]-[44]
[2019-02-18 16:56:06,203]-[INFO]-[TestRecharge]-[日志信息:开始执行第15条用例]-[32]
[2019-02-18 16:56:06,353]-[INFO]-[TestRecharge]-[日志信息:充值第15条用例执行结果：Pass]-[41]
[2019-02-18 16:56:06,353]-[INFO]-[TestRecharge]-[日志信息:开始执行第16条用例]-[32]
[2019-02-18 16:56:06,466]-[INFO]-[TestRecharge]-[日志信息:充值第16条用例执行结果：Pass]-[41]
[2019-02-18 16:56:06,467]-[INFO]-[TestRecharge]-[日志信息:开始执行第17条用例]-[32]
[2019-02-18 16:56:06,623]-[INFO]-[TestRecharge]-[日志信息:充值第17条用例执行结果：Pass]-[41]
[2019-02-18 16:56:06,623]-[INFO]-[TestRecharge]-[日志信息:开始执行第18条用例]-[32]
[2019-02-18 16:56:06,736]-[INFO]-[TestRecharge]-[日志信息:充值第18条用例执行结果：Pass]-[41]
[2019-02-18 16:56:06,737]-[INFO]-[TestRecharge]-[日志信息:开始执行第19条用例]-[32]
[2019-02-18 16:56:06,868]-[INFO]-[TestRecharge]-[日志信息:充值第19条用例执行结果：Pass]-[41]
[2019-02-18 16:56:06,868]-[INFO]-[TestRecharge]-[日志信息:开始执行第20条用例]-[32]
[2019-02-18 16:56:07,006]-[ERROR]-[TestRecharge]-[日志信息:充值第20条用例执行结果：Failed]-[44]
[2019-02-18 17:00:09,669]-[INFO]-[TestApi]-[日志信息:开始执行第1条登录用例]-[30]
[2019-02-18 17:00:09,838]-[INFO]-[TestApi]-[日志信息:第1条登录用例执行结果：Pass]-[36]
[2019-02-18 17:00:09,838]-[INFO]-[TestApi]-[日志信息:开始执行第2条登录用例]-[30]
[2019-02-18 17:00:09,954]-[INFO]-[TestApi]-[日志信息:第2条登录用例执行结果：Pass]-[36]
[2019-02-18 17:00:09,955]-[INFO]-[TestApi]-[日志信息:开始执行第3条登录用例]-[30]
[2019-02-18 17:00:10,071]-[INFO]-[TestApi]-[日志信息:第3条登录用例执行结果：Pass]-[36]
[2019-02-18 17:00:10,071]-[INFO]-[TestApi]-[日志信息:开始执行第4条登录用例]-[30]
[2019-02-18 17:00:10,210]-[INFO]-[TestApi]-[日志信息:第4条登录用例执行结果：Pass]-[36]
[2019-02-18 17:00:10,211]-[INFO]-[TestApi]-[日志信息:开始执行第5条登录用例]-[30]
[2019-02-18 17:00:10,330]-[INFO]-[TestApi]-[日志信息:第5条登录用例执行结果：Pass]-[36]
[2019-02-18 17:00:10,331]-[INFO]-[TestApi]-[日志信息:开始执行第6条登录用例]-[30]
[2019-02-18 17:00:10,455]-[INFO]-[TestApi]-[日志信息:第6条登录用例执行结果：Pass]-[36]
[2019-02-18 17:00:10,455]-[INFO]-[TestApi]-[日志信息:开始执行第7条登录用例]-[30]
[2019-02-18 17:00:10,580]-[INFO]-[TestApi]-[日志信息:第7条登录用例执行结果：Pass]-[36]
[2019-02-18 17:00:10,580]-[INFO]-[TestApi]-[日志信息:开始执行第8条登录用例]-[30]
[2019-02-18 17:00:10,703]-[INFO]-[TestApi]-[日志信息:第8条登录用例执行结果：Pass]-[36]
[2019-02-18 17:00:10,703]-[INFO]-[TestApi]-[日志信息:开始执行第9条登录用例]-[30]
[2019-02-18 17:00:10,824]-[INFO]-[TestApi]-[日志信息:第9条登录用例执行结果：Pass]-[36]
[2019-02-18 17:00:10,824]-[INFO]-[TestApi]-[日志信息:开始执行第10条登录用例]-[30]
[2019-02-18 17:00:10,947]-[INFO]-[TestApi]-[日志信息:第10条登录用例执行结果：Pass]-[36]
[2019-02-18 17:00:10,948]-[INFO]-[TestApi]-[日志信息:开始执行第11条登录用例]-[30]
[2019-02-18 17:00:11,070]-[INFO]-[TestApi]-[日志信息:第11条登录用例执行结果：Pass]-[36]
[2019-02-18 17:00:11,070]-[INFO]-[TestApi]-[日志信息:开始执行第12条登录用例]-[30]
[2019-02-18 17:00:11,192]-[INFO]-[TestApi]-[日志信息:第12条登录用例执行结果：Pass]-[36]
[2019-02-18 17:00:11,192]-[INFO]-[TestApi]-[日志信息:开始执行第13条登录用例]-[30]
[2019-02-18 17:00:11,314]-[INFO]-[TestApi]-[日志信息:第13条登录用例执行结果：Pass]-[36]
[2019-02-18 17:00:11,315]-[INFO]-[TestApi]-[日志信息:开始执行第14条登录用例]-[30]
[2019-02-18 17:00:11,436]-[INFO]-[TestApi]-[日志信息:第14条登录用例执行结果：Pass]-[36]
[2019-02-18 17:00:16,297]-[INFO]-[TestRecharge]-[日志信息:开始执行第1条用例]-[32]
[2019-02-18 17:00:16,509]-[ERROR]-[TestRecharge]-[日志信息:充值第1条用例执行结果：Failed]-[44]
[2019-02-18 17:00:16,510]-[INFO]-[TestRecharge]-[日志信息:开始执行第2条用例]-[32]
[2019-02-18 17:00:16,633]-[INFO]-[TestRecharge]-[日志信息:充值第2条用例执行结果：Pass]-[41]
[2019-02-18 17:00:16,633]-[INFO]-[TestRecharge]-[日志信息:开始执行第3条用例]-[32]
[2019-02-18 17:00:16,772]-[INFO]-[TestRecharge]-[日志信息:充值第3条用例执行结果：Pass]-[41]
[2019-02-18 17:00:16,772]-[INFO]-[TestRecharge]-[日志信息:开始执行第4条用例]-[32]
[2019-02-18 17:00:16,889]-[INFO]-[TestRecharge]-[日志信息:充值第4条用例执行结果：Pass]-[41]
[2019-02-18 17:00:16,890]-[INFO]-[TestRecharge]-[日志信息:开始执行第5条用例]-[32]
[2019-02-18 17:00:17,008]-[INFO]-[TestRecharge]-[日志信息:充值第5条用例执行结果：Pass]-[41]
[2019-02-18 17:00:17,009]-[INFO]-[TestRecharge]-[日志信息:开始执行第6条用例]-[32]
[2019-02-18 17:00:17,129]-[INFO]-[TestRecharge]-[日志信息:充值第6条用例执行结果：Pass]-[41]
[2019-02-18 17:00:17,130]-[INFO]-[TestRecharge]-[日志信息:开始执行第7条用例]-[32]
[2019-02-18 17:00:17,249]-[INFO]-[TestRecharge]-[日志信息:充值第7条用例执行结果：Pass]-[41]
[2019-02-18 17:00:17,250]-[INFO]-[TestRecharge]-[日志信息:开始执行第8条用例]-[32]
[2019-02-18 17:00:17,366]-[INFO]-[TestRecharge]-[日志信息:充值第8条用例执行结果：Pass]-[41]
[2019-02-18 17:00:17,367]-[INFO]-[TestRecharge]-[日志信息:开始执行第9条用例]-[32]
[2019-02-18 17:00:17,485]-[INFO]-[TestRecharge]-[日志信息:充值第9条用例执行结果：Pass]-[41]
[2019-02-18 17:00:17,485]-[INFO]-[TestRecharge]-[日志信息:开始执行第10条用例]-[32]
[2019-02-18 17:00:17,605]-[INFO]-[TestRecharge]-[日志信息:充值第10条用例执行结果：Pass]-[41]
[2019-02-18 17:00:17,605]-[INFO]-[TestRecharge]-[日志信息:开始执行第11条用例]-[32]
[2019-02-18 17:00:17,728]-[INFO]-[TestRecharge]-[日志信息:充值第11条用例执行结果：Pass]-[41]
[2019-02-18 17:00:17,728]-[INFO]-[TestRecharge]-[日志信息:开始执行第12条用例]-[32]
[2019-02-18 17:00:17,851]-[INFO]-[TestRecharge]-[日志信息:充值第12条用例执行结果：Pass]-[41]
[2019-02-18 17:00:17,851]-[INFO]-[TestRecharge]-[日志信息:开始执行第13条用例]-[32]
[2019-02-18 17:00:17,970]-[INFO]-[TestRecharge]-[日志信息:充值第13条用例执行结果：Pass]-[41]
[2019-02-18 17:00:17,971]-[INFO]-[TestRecharge]-[日志信息:开始执行第14条用例]-[32]
[2019-02-18 17:00:18,097]-[ERROR]-[TestRecharge]-[日志信息:充值第14条用例执行结果：Failed]-[44]
[2019-02-18 17:00:18,098]-[INFO]-[TestRecharge]-[日志信息:开始执行第15条用例]-[32]
[2019-02-18 17:00:18,241]-[INFO]-[TestRecharge]-[日志信息:充值第15条用例执行结果：Pass]-[41]
[2019-02-18 17:00:18,241]-[INFO]-[TestRecharge]-[日志信息:开始执行第16条用例]-[32]
[2019-02-18 17:00:18,379]-[INFO]-[TestRecharge]-[日志信息:充值第16条用例执行结果：Pass]-[41]
[2019-02-18 17:00:18,379]-[INFO]-[TestRecharge]-[日志信息:开始执行第17条用例]-[32]
[2019-02-18 17:00:18,501]-[INFO]-[TestRecharge]-[日志信息:充值第17条用例执行结果：Pass]-[41]
[2019-02-18 17:00:18,501]-[INFO]-[TestRecharge]-[日志信息:开始执行第18条用例]-[32]
[2019-02-18 17:00:18,621]-[INFO]-[TestRecharge]-[日志信息:充值第18条用例执行结果：Pass]-[41]
[2019-02-18 17:00:18,622]-[INFO]-[TestRecharge]-[日志信息:开始执行第19条用例]-[32]
[2019-02-18 17:00:18,765]-[INFO]-[TestRecharge]-[日志信息:充值第19条用例执行结果：Pass]-[41]
[2019-02-18 17:00:18,765]-[INFO]-[TestRecharge]-[日志信息:开始执行第20条用例]-[32]
[2019-02-18 17:00:18,907]-[ERROR]-[TestRecharge]-[日志信息:充值第20条用例执行结果：Failed]-[44]
[2019-02-18 17:53:24,179]-[INFO]-[TestApi]-[日志信息:开始执行第1条登录用例]-[31]
[2019-02-18 17:53:24,369]-[INFO]-[TestApi]-[日志信息:第1条登录用例执行结果：Pass]-[37]
[2019-02-18 17:53:24,370]-[INFO]-[TestApi]-[日志信息:开始执行第2条登录用例]-[31]
[2019-02-18 17:53:24,485]-[INFO]-[TestApi]-[日志信息:第2条登录用例执行结果：Pass]-[37]
[2019-02-18 17:53:24,486]-[INFO]-[TestApi]-[日志信息:开始执行第3条登录用例]-[31]
[2019-02-18 17:53:24,604]-[INFO]-[TestApi]-[日志信息:第3条登录用例执行结果：Pass]-[37]
[2019-02-18 17:53:24,604]-[INFO]-[TestApi]-[日志信息:开始执行第4条登录用例]-[31]
[2019-02-18 17:53:24,726]-[INFO]-[TestApi]-[日志信息:第4条登录用例执行结果：Pass]-[37]
[2019-02-18 17:53:24,727]-[INFO]-[TestApi]-[日志信息:开始执行第5条登录用例]-[31]
[2019-02-18 17:53:24,854]-[INFO]-[TestApi]-[日志信息:第5条登录用例执行结果：Pass]-[37]
[2019-02-18 17:53:24,855]-[INFO]-[TestApi]-[日志信息:开始执行第6条登录用例]-[31]
[2019-02-18 17:53:25,001]-[INFO]-[TestApi]-[日志信息:第6条登录用例执行结果：Pass]-[37]
[2019-02-18 17:53:25,002]-[INFO]-[TestApi]-[日志信息:开始执行第7条登录用例]-[31]
[2019-02-18 17:53:25,128]-[INFO]-[TestApi]-[日志信息:第7条登录用例执行结果：Pass]-[37]
[2019-02-18 17:53:25,128]-[INFO]-[TestApi]-[日志信息:开始执行第8条登录用例]-[31]
[2019-02-18 17:53:25,255]-[INFO]-[TestApi]-[日志信息:第8条登录用例执行结果：Pass]-[37]
[2019-02-18 17:53:25,256]-[INFO]-[TestApi]-[日志信息:开始执行第9条登录用例]-[31]
[2019-02-18 17:53:25,395]-[INFO]-[TestApi]-[日志信息:第9条登录用例执行结果：Pass]-[37]
[2019-02-18 17:53:25,395]-[INFO]-[TestApi]-[日志信息:开始执行第10条登录用例]-[31]
[2019-02-18 17:53:25,510]-[INFO]-[TestApi]-[日志信息:第10条登录用例执行结果：Pass]-[37]
[2019-02-18 17:53:25,510]-[INFO]-[TestApi]-[日志信息:开始执行第11条登录用例]-[31]
[2019-02-18 17:53:25,644]-[INFO]-[TestApi]-[日志信息:第11条登录用例执行结果：Pass]-[37]
[2019-02-18 17:53:25,645]-[INFO]-[TestApi]-[日志信息:开始执行第12条登录用例]-[31]
[2019-02-18 17:53:25,772]-[INFO]-[TestApi]-[日志信息:第12条登录用例执行结果：Pass]-[37]
[2019-02-18 17:53:25,772]-[INFO]-[TestApi]-[日志信息:开始执行第13条登录用例]-[31]
[2019-02-18 17:53:25,903]-[INFO]-[TestApi]-[日志信息:第13条登录用例执行结果：Pass]-[37]
[2019-02-18 17:53:25,904]-[INFO]-[TestApi]-[日志信息:开始执行第14条登录用例]-[31]
[2019-02-18 17:53:26,043]-[INFO]-[TestApi]-[日志信息:第14条登录用例执行结果：Pass]-[37]
[2019-02-18 17:59:33,388]-[INFO]-[TestApi]-[日志信息:开始执行第1条登录用例]-[31]
[2019-02-18 17:59:33,562]-[INFO]-[TestApi]-[日志信息:第1条登录用例执行结果：Pass]-[37]
[2019-02-18 17:59:33,562]-[INFO]-[TestApi]-[日志信息:开始执行第2条登录用例]-[31]
[2019-02-18 17:59:33,682]-[INFO]-[TestApi]-[日志信息:第2条登录用例执行结果：Pass]-[37]
[2019-02-18 17:59:33,682]-[INFO]-[TestApi]-[日志信息:开始执行第3条登录用例]-[31]
[2019-02-18 17:59:33,799]-[INFO]-[TestApi]-[日志信息:第3条登录用例执行结果：Pass]-[37]
[2019-02-18 17:59:33,800]-[INFO]-[TestApi]-[日志信息:开始执行第4条登录用例]-[31]
[2019-02-18 17:59:33,919]-[INFO]-[TestApi]-[日志信息:第4条登录用例执行结果：Pass]-[37]
[2019-02-18 17:59:33,920]-[INFO]-[TestApi]-[日志信息:开始执行第5条登录用例]-[31]
[2019-02-18 17:59:34,042]-[INFO]-[TestApi]-[日志信息:第5条登录用例执行结果：Pass]-[37]
[2019-02-18 17:59:34,042]-[INFO]-[TestApi]-[日志信息:开始执行第6条登录用例]-[31]
[2019-02-18 17:59:34,164]-[INFO]-[TestApi]-[日志信息:第6条登录用例执行结果：Pass]-[37]
[2019-02-18 17:59:34,164]-[INFO]-[TestApi]-[日志信息:开始执行第7条登录用例]-[31]
[2019-02-18 17:59:34,286]-[INFO]-[TestApi]-[日志信息:第7条登录用例执行结果：Pass]-[37]
[2019-02-18 17:59:34,286]-[INFO]-[TestApi]-[日志信息:开始执行第8条登录用例]-[31]
[2019-02-18 17:59:34,406]-[INFO]-[TestApi]-[日志信息:第8条登录用例执行结果：Pass]-[37]
[2019-02-18 17:59:34,407]-[INFO]-[TestApi]-[日志信息:开始执行第9条登录用例]-[31]
[2019-02-18 17:59:34,528]-[INFO]-[TestApi]-[日志信息:第9条登录用例执行结果：Pass]-[37]
[2019-02-18 17:59:34,528]-[INFO]-[TestApi]-[日志信息:开始执行第10条登录用例]-[31]
[2019-02-18 17:59:34,642]-[INFO]-[TestApi]-[日志信息:第10条登录用例执行结果：Pass]-[37]
[2019-02-18 17:59:34,642]-[INFO]-[TestApi]-[日志信息:开始执行第11条登录用例]-[31]
[2019-02-18 17:59:34,758]-[INFO]-[TestApi]-[日志信息:第11条登录用例执行结果：Pass]-[37]
[2019-02-18 17:59:34,758]-[INFO]-[TestApi]-[日志信息:开始执行第12条登录用例]-[31]
[2019-02-18 17:59:34,877]-[INFO]-[TestApi]-[日志信息:第12条登录用例执行结果：Pass]-[37]
[2019-02-18 17:59:34,878]-[INFO]-[TestApi]-[日志信息:开始执行第13条登录用例]-[31]
[2019-02-18 17:59:35,008]-[INFO]-[TestApi]-[日志信息:第13条登录用例执行结果：Pass]-[37]
[2019-02-18 17:59:35,009]-[INFO]-[TestApi]-[日志信息:开始执行第14条登录用例]-[31]
[2019-02-18 17:59:35,128]-[INFO]-[TestApi]-[日志信息:第14条登录用例执行结果：Pass]-[37]
[2019-02-18 22:31:45,760]-[INFO]-[TestRecharge]-[日志信息:
开始执行第1条用例]-[35]
[2019-02-18 22:31:45,963]-[INFO]-[TestRecharge]-[日志信息:投资第1条用例执行结果：Pass]-[43]
[2019-02-18 22:31:45,963]-[INFO]-[TestRecharge]-[日志信息:
开始执行第2条用例]-[35]
[2019-02-18 22:31:46,087]-[INFO]-[TestRecharge]-[日志信息:投资第2条用例执行结果：Pass]-[43]
[2019-02-18 22:31:46,134]-[INFO]-[TestRecharge]-[日志信息:
开始执行第3条用例]-[35]
[2019-02-18 22:31:46,290]-[INFO]-[TestRecharge]-[日志信息:投资第3条用例执行结果：Pass]-[43]
[2019-02-18 22:31:46,290]-[INFO]-[TestRecharge]-[日志信息:
开始执行第4条用例]-[35]
[2019-02-18 22:31:46,446]-[ERROR]-[TestRecharge]-[日志信息:投资第4条用例执行结果：Failed]-[55]
[2019-02-18 22:31:46,493]-[INFO]-[TestRecharge]-[日志信息:
开始执行第5条用例]-[35]
[2019-02-18 22:31:46,602]-[INFO]-[TestRecharge]-[日志信息:投资第5条用例执行结果：Pass]-[43]
[2019-02-18 22:31:46,602]-[INFO]-[TestRecharge]-[日志信息:
开始执行第6条用例]-[35]
[2019-02-18 22:31:46,758]-[INFO]-[TestRecharge]-[日志信息:投资第6条用例执行结果：Pass]-[43]
[2019-02-18 22:31:46,758]-[INFO]-[TestRecharge]-[日志信息:
开始执行第7条用例]-[35]
[2019-02-18 22:31:46,867]-[INFO]-[TestRecharge]-[日志信息:投资第7条用例执行结果：Pass]-[43]
[2019-02-18 22:31:46,867]-[INFO]-[TestRecharge]-[日志信息:
开始执行第8条用例]-[35]
[2019-02-18 22:31:47,023]-[INFO]-[TestRecharge]-[日志信息:投资第8条用例执行结果：Pass]-[43]
[2019-02-18 22:31:47,023]-[INFO]-[TestRecharge]-[日志信息:
开始执行第9条用例]-[35]
[2019-02-18 22:31:47,133]-[INFO]-[TestRecharge]-[日志信息:投资第9条用例执行结果：Pass]-[43]
[2019-02-18 22:31:47,133]-[INFO]-[TestRecharge]-[日志信息:
开始执行第10条用例]-[35]
[2019-02-18 22:31:47,242]-[INFO]-[TestRecharge]-[日志信息:投资第10条用例执行结果：Pass]-[43]
[2019-02-18 22:31:47,242]-[INFO]-[TestRecharge]-[日志信息:
开始执行第11条用例]-[35]
[2019-02-18 22:31:47,351]-[INFO]-[TestRecharge]-[日志信息:投资第11条用例执行结果：Pass]-[43]
[2019-02-18 22:31:47,351]-[INFO]-[TestRecharge]-[日志信息:
开始执行第12条用例]-[35]
[2019-02-18 22:31:47,445]-[INFO]-[TestRecharge]-[日志信息:投资第12条用例执行结果：Pass]-[43]
[2019-02-18 22:31:47,445]-[INFO]-[TestRecharge]-[日志信息:
开始执行第13条用例]-[35]
[2019-02-18 22:31:47,569]-[INFO]-[TestRecharge]-[日志信息:投资第13条用例执行结果：Pass]-[43]
[2019-02-18 22:31:47,569]-[INFO]-[TestRecharge]-[日志信息:
开始执行第14条用例]-[35]
[2019-02-18 22:31:47,679]-[INFO]-[TestRecharge]-[日志信息:投资第14条用例执行结果：Pass]-[43]
[2019-02-18 22:31:47,679]-[INFO]-[TestRecharge]-[日志信息:
开始执行第15条用例]-[35]
[2019-02-18 22:31:47,803]-[INFO]-[TestRecharge]-[日志信息:投资第15条用例执行结果：Pass]-[43]
[2019-02-18 22:31:47,803]-[INFO]-[TestRecharge]-[日志信息:
开始执行第16条用例]-[35]
[2019-02-18 22:31:47,913]-[INFO]-[TestRecharge]-[日志信息:投资第16条用例执行结果：Pass]-[43]
[2019-02-18 22:31:47,913]-[INFO]-[TestRecharge]-[日志信息:
开始执行第17条用例]-[35]
[2019-02-18 22:31:48,022]-[INFO]-[TestRecharge]-[日志信息:投资第17条用例执行结果：Pass]-[43]
[2019-02-18 22:31:48,022]-[INFO]-[TestRecharge]-[日志信息:
开始执行第18条用例]-[35]
[2019-02-18 22:31:48,178]-[INFO]-[TestRecharge]-[日志信息:投资第18条用例执行结果：Pass]-[43]
[2019-02-18 22:31:48,178]-[INFO]-[TestRecharge]-[日志信息:
开始执行第19条用例]-[35]
[2019-02-18 22:31:48,303]-[INFO]-[TestRecharge]-[日志信息:投资第19条用例执行结果：Pass]-[43]
[2019-02-18 22:31:48,303]-[INFO]-[TestRecharge]-[日志信息:
开始执行第20条用例]-[35]
[2019-02-18 22:31:48,412]-[INFO]-[TestRecharge]-[日志信息:投资第20条用例执行结果：Pass]-[43]
[2019-02-18 22:31:48,412]-[INFO]-[TestRecharge]-[日志信息:
开始执行第21条用例]-[35]
[2019-02-18 22:31:48,521]-[ERROR]-[TestRecharge]-[日志信息:投资第21条用例执行结果：Failed]-[55]
[2019-02-18 22:31:48,521]-[INFO]-[TestRecharge]-[日志信息:
开始执行第22条用例]-[35]
[2019-02-18 22:31:48,630]-[INFO]-[TestRecharge]-[日志信息:投资第22条用例执行结果：Pass]-[43]
[2019-02-18 22:31:48,630]-[INFO]-[TestRecharge]-[日志信息:
开始执行第23条用例]-[35]
[2019-02-18 22:31:48,755]-[INFO]-[TestRecharge]-[日志信息:投资第23条用例执行结果：Pass]-[43]
[2019-02-18 22:31:48,755]-[INFO]-[TestRecharge]-[日志信息:
开始执行第24条用例]-[35]
[2019-02-18 22:31:48,864]-[INFO]-[TestRecharge]-[日志信息:投资第24条用例执行结果：Pass]-[43]
[2019-02-18 22:31:48,864]-[INFO]-[TestRecharge]-[日志信息:
开始执行第25条用例]-[35]
[2019-02-18 22:31:48,973]-[ERROR]-[TestRecharge]-[日志信息:投资第25条用例执行结果：Failed]-[55]
[2019-02-18 22:31:48,973]-[INFO]-[TestRecharge]-[日志信息:
开始执行第26条用例]-[35]
[2019-02-18 22:31:49,098]-[ERROR]-[TestRecharge]-[日志信息:投资第26条用例执行结果：Failed]-[55]
[2019-02-18 22:31:49,098]-[INFO]-[TestRecharge]-[日志信息:
开始执行第27条用例]-[35]
[2019-02-18 22:31:49,223]-[INFO]-[TestRecharge]-[日志信息:投资第27条用例执行结果：Pass]-[43]
[2019-02-18 22:31:49,223]-[INFO]-[TestRecharge]-[日志信息:
开始执行第28条用例]-[35]
[2019-02-18 22:31:49,332]-[INFO]-[TestRecharge]-[日志信息:投资第28条用例执行结果：Pass]-[43]
[2019-02-18 22:31:49,332]-[INFO]-[TestRecharge]-[日志信息:
开始执行第29条用例]-[35]
[2019-02-18 22:31:49,441]-[INFO]-[TestRecharge]-[日志信息:投资第29条用例执行结果：Pass]-[43]
[2019-02-18 22:31:49,441]-[INFO]-[TestRecharge]-[日志信息:
开始执行第30条用例]-[35]
[2019-02-18 22:31:49,551]-[INFO]-[TestRecharge]-[日志信息:投资第30条用例执行结果：Pass]-[43]
[2019-02-18 22:31:49,551]-[INFO]-[TestRecharge]-[日志信息:
开始执行第31条用例]-[35]
[2019-02-18 22:31:49,660]-[INFO]-[TestRecharge]-[日志信息:投资第31条用例执行结果：Pass]-[43]
[2019-02-18 22:31:49,660]-[INFO]-[TestRecharge]-[日志信息:
开始执行第32条用例]-[35]
[2019-02-18 22:31:49,769]-[INFO]-[TestRecharge]-[日志信息:投资第32条用例执行结果：Pass]-[43]
[2019-02-18 22:31:49,769]-[INFO]-[TestRecharge]-[日志信息:
开始执行第33条用例]-[35]
[2019-02-18 22:31:49,894]-[INFO]-[TestRecharge]-[日志信息:投资第33条用例执行结果：Pass]-[43]
[2019-02-18 22:31:49,894]-[INFO]-[TestRecharge]-[日志信息:
开始执行第34条用例]-[35]
[2019-02-18 22:31:50,050]-[INFO]-[TestRecharge]-[日志信息:投资第34条用例执行结果：Pass]-[43]
[2019-02-18 22:31:50,050]-[INFO]-[TestRecharge]-[日志信息:
开始执行第35条用例]-[35]
[2019-02-18 22:31:50,190]-[INFO]-[TestRecharge]-[日志信息:投资第35条用例执行结果：Pass]-[43]
[2019-02-18 22:31:50,190]-[INFO]-[TestRecharge]-[日志信息:
开始执行第36条用例]-[35]
[2019-02-18 22:31:50,331]-[ERROR]-[TestRecharge]-[日志信息:投资第36条用例执行结果：Failed]-[55]
[2019-02-18 22:31:50,331]-[INFO]-[TestRecharge]-[日志信息:
开始执行第37条用例]-[35]
[2019-02-18 22:31:50,487]-[ERROR]-[TestRecharge]-[日志信息:投资第37条用例执行结果：Failed]-[55]
[2019-02-18 22:31:50,487]-[INFO]-[TestRecharge]-[日志信息:
开始执行第38条用例]-[35]
[2019-02-18 22:31:50,643]-[INFO]-[TestRecharge]-[日志信息:投资第38条用例执行结果：Pass]-[43]
[2019-02-18 22:33:20,779]-[INFO]-[TestRecharge]-[日志信息:开始执行第1条用例]-[34]
[2019-02-18 22:33:21,013]-[ERROR]-[TestRecharge]-[日志信息:取现第1条用例执行结果：Failed]-[47]
[2019-02-18 22:33:21,013]-[INFO]-[TestRecharge]-[日志信息:开始执行第2条用例]-[34]
[2019-02-18 22:33:21,123]-[INFO]-[TestRecharge]-[日志信息:取现第2条用例执行结果：Pass]-[44]
[2019-02-18 22:33:21,123]-[INFO]-[TestRecharge]-[日志信息:开始执行第3条用例]-[34]
[2019-02-18 22:33:21,247]-[INFO]-[TestRecharge]-[日志信息:取现第3条用例执行结果：Pass]-[44]
[2019-02-18 22:33:21,247]-[INFO]-[TestRecharge]-[日志信息:开始执行第4条用例]-[34]
[2019-02-18 22:33:21,388]-[INFO]-[TestRecharge]-[日志信息:取现第4条用例执行结果：Pass]-[44]
[2019-02-18 22:33:21,388]-[INFO]-[TestRecharge]-[日志信息:开始执行第5条用例]-[34]
[2019-02-18 22:33:21,497]-[INFO]-[TestRecharge]-[日志信息:取现第5条用例执行结果：Pass]-[44]
[2019-02-18 22:33:21,497]-[INFO]-[TestRecharge]-[日志信息:开始执行第6条用例]-[34]
[2019-02-18 22:33:21,606]-[INFO]-[TestRecharge]-[日志信息:取现第6条用例执行结果：Pass]-[44]
[2019-02-18 22:33:21,606]-[INFO]-[TestRecharge]-[日志信息:开始执行第7条用例]-[34]
[2019-02-18 22:33:21,700]-[INFO]-[TestRecharge]-[日志信息:取现第7条用例执行结果：Pass]-[44]
[2019-02-18 22:33:21,700]-[INFO]-[TestRecharge]-[日志信息:开始执行第8条用例]-[34]
[2019-02-18 22:33:21,809]-[INFO]-[TestRecharge]-[日志信息:取现第8条用例执行结果：Pass]-[44]
[2019-02-18 22:33:21,809]-[INFO]-[TestRecharge]-[日志信息:开始执行第9条用例]-[34]
[2019-02-18 22:33:21,918]-[INFO]-[TestRecharge]-[日志信息:取现第9条用例执行结果：Pass]-[44]
[2019-02-18 22:33:21,918]-[INFO]-[TestRecharge]-[日志信息:开始执行第10条用例]-[34]
[2019-02-18 22:33:22,027]-[INFO]-[TestRecharge]-[日志信息:取现第10条用例执行结果：Pass]-[44]
[2019-02-18 22:33:22,027]-[INFO]-[TestRecharge]-[日志信息:开始执行第11条用例]-[34]
[2019-02-18 22:33:22,152]-[INFO]-[TestRecharge]-[日志信息:取现第11条用例执行结果：Pass]-[44]
[2019-02-18 22:33:22,152]-[INFO]-[TestRecharge]-[日志信息:开始执行第12条用例]-[34]
[2019-02-18 22:33:22,293]-[INFO]-[TestRecharge]-[日志信息:取现第12条用例执行结果：Pass]-[44]
[2019-02-18 22:33:22,293]-[INFO]-[TestRecharge]-[日志信息:开始执行第13条用例]-[34]
[2019-02-18 22:33:22,417]-[INFO]-[TestRecharge]-[日志信息:取现第13条用例执行结果：Pass]-[44]
[2019-02-18 22:33:22,417]-[INFO]-[TestRecharge]-[日志信息:开始执行第14条用例]-[34]
[2019-02-18 22:33:22,589]-[INFO]-[TestRecharge]-[日志信息:取现第14条用例执行结果：Pass]-[44]
[2019-02-18 22:33:22,589]-[INFO]-[TestRecharge]-[日志信息:开始执行第15条用例]-[34]
[2019-02-18 22:33:22,761]-[INFO]-[TestRecharge]-[日志信息:取现第15条用例执行结果：Pass]-[44]
[2019-02-18 22:33:22,761]-[INFO]-[TestRecharge]-[日志信息:开始执行第16条用例]-[34]
[2019-02-18 22:33:22,885]-[INFO]-[TestRecharge]-[日志信息:取现第16条用例执行结果：Pass]-[44]
[2019-02-18 22:33:22,885]-[INFO]-[TestRecharge]-[日志信息:开始执行第17条用例]-[34]
[2019-02-18 22:33:23,104]-[ERROR]-[TestRecharge]-[日志信息:取现第17条用例执行结果：Failed]-[47]
[2019-02-18 22:33:23,104]-[INFO]-[TestRecharge]-[日志信息:开始执行第18条用例]-[34]
[2019-02-18 22:33:23,213]-[ERROR]-[TestRecharge]-[日志信息:取现第18条用例执行结果：Failed]-[47]
[2019-02-18 22:33:23,213]-[INFO]-[TestRecharge]-[日志信息:开始执行第19条用例]-[34]
[2019-02-18 22:33:23,385]-[INFO]-[TestRecharge]-[日志信息:取现第19条用例执行结果：Pass]-[44]
[2019-02-18 22:33:23,385]-[INFO]-[TestRecharge]-[日志信息:开始执行第20条用例]-[34]
[2019-02-18 22:33:23,556]-[INFO]-[TestRecharge]-[日志信息:取现第20条用例执行结果：Pass]-[44]
[2019-02-18 22:33:23,556]-[INFO]-[TestRecharge]-[日志信息:开始执行第21条用例]-[34]
[2019-02-18 22:33:23,697]-[INFO]-[TestRecharge]-[日志信息:取现第21条用例执行结果：Pass]-[44]
[2019-02-18 22:33:23,697]-[INFO]-[TestRecharge]-[日志信息:开始执行第22条用例]-[34]
[2019-02-18 22:33:23,806]-[INFO]-[TestRecharge]-[日志信息:取现第22条用例执行结果：Pass]-[44]
[2019-02-18 22:33:23,806]-[INFO]-[TestRecharge]-[日志信息:开始执行第23条用例]-[34]
[2019-02-18 22:33:23,931]-[ERROR]-[TestRecharge]-[日志信息:取现第23条用例执行结果：Failed]-[47]
[2019-02-19 11:17:12,470]-[INFO]-[TestApi]-[日志信息:开始执行第1条登录用例]-[31]
[2019-02-19 11:17:12,679]-[INFO]-[TestApi]-[日志信息:第1条登录用例执行结果：Pass]-[37]
[2019-02-19 11:17:12,680]-[INFO]-[TestApi]-[日志信息:开始执行第2条登录用例]-[31]
[2019-02-19 11:17:12,843]-[INFO]-[TestApi]-[日志信息:第2条登录用例执行结果：Pass]-[37]
[2019-02-19 11:17:12,844]-[INFO]-[TestApi]-[日志信息:开始执行第3条登录用例]-[31]
[2019-02-19 11:17:12,968]-[INFO]-[TestApi]-[日志信息:第3条登录用例执行结果：Pass]-[37]
[2019-02-19 11:17:12,969]-[INFO]-[TestApi]-[日志信息:开始执行第4条登录用例]-[31]
[2019-02-19 11:17:13,106]-[INFO]-[TestApi]-[日志信息:第4条登录用例执行结果：Pass]-[37]
[2019-02-19 11:17:13,106]-[INFO]-[TestApi]-[日志信息:开始执行第5条登录用例]-[31]
[2019-02-19 11:17:13,251]-[INFO]-[TestApi]-[日志信息:第5条登录用例执行结果：Pass]-[37]
[2019-02-19 11:17:13,252]-[INFO]-[TestApi]-[日志信息:开始执行第6条登录用例]-[31]
[2019-02-19 11:17:13,400]-[INFO]-[TestApi]-[日志信息:第6条登录用例执行结果：Pass]-[37]
[2019-02-19 11:17:13,401]-[INFO]-[TestApi]-[日志信息:开始执行第7条登录用例]-[31]
[2019-02-19 11:17:13,535]-[INFO]-[TestApi]-[日志信息:第7条登录用例执行结果：Pass]-[37]
[2019-02-19 11:17:13,536]-[INFO]-[TestApi]-[日志信息:开始执行第8条登录用例]-[31]
[2019-02-19 11:17:13,665]-[INFO]-[TestApi]-[日志信息:第8条登录用例执行结果：Pass]-[37]
[2019-02-19 11:17:13,666]-[INFO]-[TestApi]-[日志信息:开始执行第9条登录用例]-[31]
[2019-02-19 11:17:13,795]-[INFO]-[TestApi]-[日志信息:第9条登录用例执行结果：Pass]-[37]
[2019-02-19 11:17:13,795]-[INFO]-[TestApi]-[日志信息:开始执行第10条登录用例]-[31]
[2019-02-19 11:17:13,915]-[INFO]-[TestApi]-[日志信息:第10条登录用例执行结果：Pass]-[37]
[2019-02-19 11:17:13,916]-[INFO]-[TestApi]-[日志信息:开始执行第11条登录用例]-[31]
[2019-02-19 11:17:14,036]-[INFO]-[TestApi]-[日志信息:第11条登录用例执行结果：Pass]-[37]
[2019-02-19 11:17:14,037]-[INFO]-[TestApi]-[日志信息:开始执行第12条登录用例]-[31]
[2019-02-19 11:17:14,162]-[INFO]-[TestApi]-[日志信息:第12条登录用例执行结果：Pass]-[37]
[2019-02-19 11:17:14,163]-[INFO]-[TestApi]-[日志信息:开始执行第13条登录用例]-[31]
[2019-02-19 11:17:14,319]-[INFO]-[TestApi]-[日志信息:第13条登录用例执行结果：Pass]-[37]
[2019-02-19 11:17:14,320]-[INFO]-[TestApi]-[日志信息:开始执行第14条登录用例]-[31]
[2019-02-19 11:17:14,452]-[INFO]-[TestApi]-[日志信息:第14条登录用例执行结果：Pass]-[37]
[2019-02-19 11:20:00,459]-[INFO]-[TestApi]-[日志信息:开始执行第1条登录用例]-[31]
[2019-02-19 11:20:00,672]-[INFO]-[TestApi]-[日志信息:第1条登录用例执行结果：Pass]-[37]
[2019-02-19 11:20:00,673]-[INFO]-[TestApi]-[日志信息:开始执行第2条登录用例]-[31]
[2019-02-19 11:20:00,788]-[INFO]-[TestApi]-[日志信息:第2条登录用例执行结果：Pass]-[37]
[2019-02-19 11:20:00,789]-[INFO]-[TestApi]-[日志信息:开始执行第3条登录用例]-[31]
[2019-02-19 11:20:00,906]-[INFO]-[TestApi]-[日志信息:第3条登录用例执行结果：Pass]-[37]
[2019-02-19 11:20:00,907]-[INFO]-[TestApi]-[日志信息:开始执行第4条登录用例]-[31]
[2019-02-19 11:20:01,025]-[INFO]-[TestApi]-[日志信息:第4条登录用例执行结果：Pass]-[37]
[2019-02-19 11:20:01,026]-[INFO]-[TestApi]-[日志信息:开始执行第5条登录用例]-[31]
[2019-02-19 11:20:01,143]-[INFO]-[TestApi]-[日志信息:第5条登录用例执行结果：Pass]-[37]
[2019-02-19 11:20:01,144]-[INFO]-[TestApi]-[日志信息:开始执行第6条登录用例]-[31]
[2019-02-19 11:20:01,268]-[INFO]-[TestApi]-[日志信息:第6条登录用例执行结果：Pass]-[37]
[2019-02-19 11:20:01,268]-[INFO]-[TestApi]-[日志信息:开始执行第7条登录用例]-[31]
[2019-02-19 11:20:01,391]-[INFO]-[TestApi]-[日志信息:第7条登录用例执行结果：Pass]-[37]
[2019-02-19 11:20:01,392]-[INFO]-[TestApi]-[日志信息:开始执行第8条登录用例]-[31]
[2019-02-19 11:20:01,511]-[INFO]-[TestApi]-[日志信息:第8条登录用例执行结果：Pass]-[37]
[2019-02-19 11:20:01,511]-[INFO]-[TestApi]-[日志信息:开始执行第9条登录用例]-[31]
[2019-02-19 11:20:01,635]-[INFO]-[TestApi]-[日志信息:第9条登录用例执行结果：Pass]-[37]
[2019-02-19 11:20:01,635]-[INFO]-[TestApi]-[日志信息:开始执行第10条登录用例]-[31]
[2019-02-19 11:20:01,751]-[INFO]-[TestApi]-[日志信息:第10条登录用例执行结果：Pass]-[37]
[2019-02-19 11:20:01,751]-[INFO]-[TestApi]-[日志信息:开始执行第11条登录用例]-[31]
[2019-02-19 11:20:01,868]-[INFO]-[TestApi]-[日志信息:第11条登录用例执行结果：Pass]-[37]
[2019-02-19 11:20:01,869]-[INFO]-[TestApi]-[日志信息:开始执行第12条登录用例]-[31]
[2019-02-19 11:20:01,992]-[INFO]-[TestApi]-[日志信息:第12条登录用例执行结果：Pass]-[37]
[2019-02-19 11:20:01,993]-[INFO]-[TestApi]-[日志信息:开始执行第13条登录用例]-[31]
[2019-02-19 11:20:02,134]-[INFO]-[TestApi]-[日志信息:第13条登录用例执行结果：Pass]-[37]
[2019-02-19 11:20:02,134]-[INFO]-[TestApi]-[日志信息:开始执行第14条登录用例]-[31]
[2019-02-19 11:20:02,263]-[INFO]-[TestApi]-[日志信息:第14条登录用例执行结果：Pass]-[37]
[2019-02-19 11:32:02,966]-[INFO]-[TestApi]-[日志信息:开始执行第1条登录用例]-[31]
[2019-02-19 11:32:03,177]-[INFO]-[TestApi]-[日志信息:第1条登录用例执行结果：Pass]-[37]
[2019-02-19 11:32:03,178]-[INFO]-[TestApi]-[日志信息:开始执行第2条登录用例]-[31]
[2019-02-19 11:32:03,297]-[INFO]-[TestApi]-[日志信息:第2条登录用例执行结果：Pass]-[37]
[2019-02-19 11:32:03,298]-[INFO]-[TestApi]-[日志信息:开始执行第3条登录用例]-[31]
[2019-02-19 11:32:03,423]-[INFO]-[TestApi]-[日志信息:第3条登录用例执行结果：Pass]-[37]
[2019-02-19 11:32:03,424]-[INFO]-[TestApi]-[日志信息:开始执行第4条登录用例]-[31]
[2019-02-19 11:32:03,553]-[INFO]-[TestApi]-[日志信息:第4条登录用例执行结果：Pass]-[37]
[2019-02-19 11:32:03,553]-[INFO]-[TestApi]-[日志信息:开始执行第5条登录用例]-[31]
[2019-02-19 11:32:03,682]-[INFO]-[TestApi]-[日志信息:第5条登录用例执行结果：Pass]-[37]
[2019-02-19 11:32:03,682]-[INFO]-[TestApi]-[日志信息:开始执行第6条登录用例]-[31]
[2019-02-19 11:32:03,804]-[INFO]-[TestApi]-[日志信息:第6条登录用例执行结果：Pass]-[37]
[2019-02-19 11:32:03,804]-[INFO]-[TestApi]-[日志信息:开始执行第7条登录用例]-[31]
[2019-02-19 11:32:03,926]-[INFO]-[TestApi]-[日志信息:第7条登录用例执行结果：Pass]-[37]
[2019-02-19 11:32:03,927]-[INFO]-[TestApi]-[日志信息:开始执行第8条登录用例]-[31]
[2019-02-19 11:32:04,049]-[INFO]-[TestApi]-[日志信息:第8条登录用例执行结果：Pass]-[37]
[2019-02-19 11:32:04,049]-[INFO]-[TestApi]-[日志信息:开始执行第9条登录用例]-[31]
[2019-02-19 11:32:04,172]-[INFO]-[TestApi]-[日志信息:第9条登录用例执行结果：Pass]-[37]
[2019-02-19 11:32:04,172]-[INFO]-[TestApi]-[日志信息:开始执行第10条登录用例]-[31]
[2019-02-19 11:32:04,301]-[INFO]-[TestApi]-[日志信息:第10条登录用例执行结果：Pass]-[37]
[2019-02-19 11:32:04,302]-[INFO]-[TestApi]-[日志信息:开始执行第11条登录用例]-[31]
[2019-02-19 11:32:04,428]-[INFO]-[TestApi]-[日志信息:第11条登录用例执行结果：Pass]-[37]
[2019-02-19 11:32:04,429]-[INFO]-[TestApi]-[日志信息:开始执行第12条登录用例]-[31]
[2019-02-19 11:32:04,560]-[INFO]-[TestApi]-[日志信息:第12条登录用例执行结果：Pass]-[37]
[2019-02-19 11:32:04,560]-[INFO]-[TestApi]-[日志信息:开始执行第13条登录用例]-[31]
[2019-02-19 11:32:04,703]-[INFO]-[TestApi]-[日志信息:第13条登录用例执行结果：Pass]-[37]
[2019-02-19 11:32:04,703]-[INFO]-[TestApi]-[日志信息:开始执行第14条登录用例]-[31]
[2019-02-19 11:32:04,826]-[INFO]-[TestApi]-[日志信息:第14条登录用例执行结果：Pass]-[37]
[2019-02-19 11:55:54,192]-[INFO]-[TestRecharge]-[日志信息:开始执行第1条用例]-[32]
[2019-02-19 11:55:54,489]-[ERROR]-[TestRecharge]-[日志信息:充值第1条用例执行结果：Failed]-[44]
[2019-02-19 11:55:54,492]-[INFO]-[TestRecharge]-[日志信息:开始执行第2条用例]-[32]
[2019-02-19 11:55:54,633]-[INFO]-[TestRecharge]-[日志信息:充值第2条用例执行结果：Pass]-[41]
[2019-02-19 11:55:54,634]-[INFO]-[TestRecharge]-[日志信息:开始执行第3条用例]-[32]
[2019-02-19 11:55:54,796]-[INFO]-[TestRecharge]-[日志信息:充值第3条用例执行结果：Pass]-[41]
[2019-02-19 11:55:54,796]-[INFO]-[TestRecharge]-[日志信息:开始执行第4条用例]-[32]
[2019-02-19 11:55:54,912]-[INFO]-[TestRecharge]-[日志信息:充值第4条用例执行结果：Pass]-[41]
[2019-02-19 11:55:54,913]-[INFO]-[TestRecharge]-[日志信息:开始执行第5条用例]-[32]
[2019-02-19 11:55:55,057]-[INFO]-[TestRecharge]-[日志信息:充值第5条用例执行结果：Pass]-[41]
[2019-02-19 11:55:55,058]-[INFO]-[TestRecharge]-[日志信息:开始执行第6条用例]-[32]
[2019-02-19 11:55:55,173]-[INFO]-[TestRecharge]-[日志信息:充值第6条用例执行结果：Pass]-[41]
[2019-02-19 11:55:55,174]-[INFO]-[TestRecharge]-[日志信息:开始执行第7条用例]-[32]
[2019-02-19 11:55:55,295]-[INFO]-[TestRecharge]-[日志信息:充值第7条用例执行结果：Pass]-[41]
[2019-02-19 11:55:55,296]-[INFO]-[TestRecharge]-[日志信息:开始执行第8条用例]-[32]
[2019-02-19 11:55:55,413]-[INFO]-[TestRecharge]-[日志信息:充值第8条用例执行结果：Pass]-[41]
[2019-02-19 11:55:55,414]-[INFO]-[TestRecharge]-[日志信息:开始执行第9条用例]-[32]
[2019-02-19 11:55:55,530]-[INFO]-[TestRecharge]-[日志信息:充值第9条用例执行结果：Pass]-[41]
[2019-02-19 11:55:55,531]-[INFO]-[TestRecharge]-[日志信息:开始执行第10条用例]-[32]
[2019-02-19 11:55:55,648]-[INFO]-[TestRecharge]-[日志信息:充值第10条用例执行结果：Pass]-[41]
[2019-02-19 11:55:55,649]-[INFO]-[TestRecharge]-[日志信息:开始执行第11条用例]-[32]
[2019-02-19 11:55:55,771]-[INFO]-[TestRecharge]-[日志信息:充值第11条用例执行结果：Pass]-[41]
[2019-02-19 11:55:55,772]-[INFO]-[TestRecharge]-[日志信息:开始执行第12条用例]-[32]
[2019-02-19 11:55:55,889]-[INFO]-[TestRecharge]-[日志信息:充值第12条用例执行结果：Pass]-[41]
[2019-02-19 11:55:55,889]-[INFO]-[TestRecharge]-[日志信息:开始执行第13条用例]-[32]
[2019-02-19 11:55:56,016]-[INFO]-[TestRecharge]-[日志信息:充值第13条用例执行结果：Pass]-[41]
[2019-02-19 11:55:56,017]-[INFO]-[TestRecharge]-[日志信息:开始执行第14条用例]-[32]
[2019-02-19 11:55:56,165]-[ERROR]-[TestRecharge]-[日志信息:充值第14条用例执行结果：Failed]-[44]
[2019-02-19 11:55:56,166]-[INFO]-[TestRecharge]-[日志信息:开始执行第15条用例]-[32]
[2019-02-19 11:55:56,311]-[INFO]-[TestRecharge]-[日志信息:充值第15条用例执行结果：Pass]-[41]
[2019-02-19 11:55:56,311]-[INFO]-[TestRecharge]-[日志信息:开始执行第16条用例]-[32]
[2019-02-19 11:55:56,453]-[INFO]-[TestRecharge]-[日志信息:充值第16条用例执行结果：Pass]-[41]
[2019-02-19 11:55:56,454]-[INFO]-[TestRecharge]-[日志信息:开始执行第17条用例]-[32]
[2019-02-19 11:55:56,572]-[INFO]-[TestRecharge]-[日志信息:充值第17条用例执行结果：Pass]-[41]
[2019-02-19 11:55:56,572]-[INFO]-[TestRecharge]-[日志信息:开始执行第18条用例]-[32]
[2019-02-19 11:55:56,713]-[INFO]-[TestRecharge]-[日志信息:充值第18条用例执行结果：Pass]-[41]
[2019-02-19 11:55:56,714]-[INFO]-[TestRecharge]-[日志信息:开始执行第19条用例]-[32]
[2019-02-19 11:55:56,835]-[INFO]-[TestRecharge]-[日志信息:充值第19条用例执行结果：Pass]-[41]
[2019-02-19 11:55:56,836]-[INFO]-[TestRecharge]-[日志信息:开始执行第20条用例]-[32]
[2019-02-19 11:55:56,991]-[ERROR]-[TestRecharge]-[日志信息:充值第20条用例执行结果：Failed]-[44]
[2019-02-19 11:56:17,214]-[INFO]-[TestRecharge]-[日志信息:开始执行第1条用例]-[34]
[2019-02-19 11:56:17,457]-[ERROR]-[TestRecharge]-[日志信息:取现第1条用例执行结果：Failed]-[47]
[2019-02-19 11:56:17,459]-[INFO]-[TestRecharge]-[日志信息:开始执行第2条用例]-[34]
[2019-02-19 11:56:17,575]-[INFO]-[TestRecharge]-[日志信息:取现第2条用例执行结果：Pass]-[44]
[2019-02-19 11:56:17,576]-[INFO]-[TestRecharge]-[日志信息:开始执行第3条用例]-[34]
[2019-02-19 11:56:17,731]-[INFO]-[TestRecharge]-[日志信息:取现第3条用例执行结果：Pass]-[44]
[2019-02-19 11:56:17,732]-[INFO]-[TestRecharge]-[日志信息:开始执行第4条用例]-[34]
[2019-02-19 11:56:17,863]-[INFO]-[TestRecharge]-[日志信息:取现第4条用例执行结果：Pass]-[44]
[2019-02-19 11:56:17,864]-[INFO]-[TestRecharge]-[日志信息:开始执行第5条用例]-[34]
[2019-02-19 11:56:17,980]-[INFO]-[TestRecharge]-[日志信息:取现第5条用例执行结果：Pass]-[44]
[2019-02-19 11:56:17,981]-[INFO]-[TestRecharge]-[日志信息:开始执行第6条用例]-[34]
[2019-02-19 11:56:18,094]-[INFO]-[TestRecharge]-[日志信息:取现第6条用例执行结果：Pass]-[44]
[2019-02-19 11:56:18,095]-[INFO]-[TestRecharge]-[日志信息:开始执行第7条用例]-[34]
[2019-02-19 11:56:18,208]-[INFO]-[TestRecharge]-[日志信息:取现第7条用例执行结果：Pass]-[44]
[2019-02-19 11:56:18,209]-[INFO]-[TestRecharge]-[日志信息:开始执行第8条用例]-[34]
[2019-02-19 11:56:18,323]-[INFO]-[TestRecharge]-[日志信息:取现第8条用例执行结果：Pass]-[44]
[2019-02-19 11:56:18,324]-[INFO]-[TestRecharge]-[日志信息:开始执行第9条用例]-[34]
[2019-02-19 11:56:18,439]-[INFO]-[TestRecharge]-[日志信息:取现第9条用例执行结果：Pass]-[44]
[2019-02-19 11:56:18,440]-[INFO]-[TestRecharge]-[日志信息:开始执行第10条用例]-[34]
[2019-02-19 11:56:18,557]-[INFO]-[TestRecharge]-[日志信息:取现第10条用例执行结果：Pass]-[44]
[2019-02-19 11:56:18,558]-[INFO]-[TestRecharge]-[日志信息:开始执行第11条用例]-[34]
[2019-02-19 11:56:18,683]-[INFO]-[TestRecharge]-[日志信息:取现第11条用例执行结果：Pass]-[44]
[2019-02-19 11:56:18,684]-[INFO]-[TestRecharge]-[日志信息:开始执行第12条用例]-[34]
[2019-02-19 11:56:18,811]-[INFO]-[TestRecharge]-[日志信息:取现第12条用例执行结果：Pass]-[44]
[2019-02-19 11:56:18,811]-[INFO]-[TestRecharge]-[日志信息:开始执行第13条用例]-[34]
[2019-02-19 11:56:18,946]-[INFO]-[TestRecharge]-[日志信息:取现第13条用例执行结果：Pass]-[44]
[2019-02-19 11:56:18,947]-[INFO]-[TestRecharge]-[日志信息:开始执行第14条用例]-[34]
[2019-02-19 11:56:19,073]-[INFO]-[TestRecharge]-[日志信息:取现第14条用例执行结果：Pass]-[44]
[2019-02-19 11:56:19,074]-[INFO]-[TestRecharge]-[日志信息:开始执行第15条用例]-[34]
[2019-02-19 11:56:19,196]-[INFO]-[TestRecharge]-[日志信息:取现第15条用例执行结果：Pass]-[44]
[2019-02-19 11:56:19,197]-[INFO]-[TestRecharge]-[日志信息:开始执行第16条用例]-[34]
[2019-02-19 11:56:19,324]-[INFO]-[TestRecharge]-[日志信息:取现第16条用例执行结果：Pass]-[44]
[2019-02-19 11:56:19,325]-[INFO]-[TestRecharge]-[日志信息:开始执行第17条用例]-[34]
[2019-02-19 11:56:19,467]-[ERROR]-[TestRecharge]-[日志信息:取现第17条用例执行结果：Failed]-[47]
[2019-02-19 11:56:19,469]-[INFO]-[TestRecharge]-[日志信息:开始执行第18条用例]-[34]
[2019-02-19 11:56:19,608]-[ERROR]-[TestRecharge]-[日志信息:取现第18条用例执行结果：Failed]-[47]
[2019-02-19 11:56:19,610]-[INFO]-[TestRecharge]-[日志信息:开始执行第19条用例]-[34]
[2019-02-19 11:56:19,754]-[INFO]-[TestRecharge]-[日志信息:取现第19条用例执行结果：Pass]-[44]
[2019-02-19 11:56:19,754]-[INFO]-[TestRecharge]-[日志信息:开始执行第20条用例]-[34]
[2019-02-19 11:56:19,881]-[INFO]-[TestRecharge]-[日志信息:取现第20条用例执行结果：Pass]-[44]
[2019-02-19 11:56:19,882]-[INFO]-[TestRecharge]-[日志信息:开始执行第21条用例]-[34]
[2019-02-19 11:56:20,027]-[INFO]-[TestRecharge]-[日志信息:取现第21条用例执行结果：Pass]-[44]
[2019-02-19 11:56:20,028]-[INFO]-[TestRecharge]-[日志信息:开始执行第22条用例]-[34]
[2019-02-19 11:56:20,153]-[INFO]-[TestRecharge]-[日志信息:取现第22条用例执行结果：Pass]-[44]
[2019-02-19 11:56:20,153]-[INFO]-[TestRecharge]-[日志信息:开始执行第23条用例]-[34]
[2019-02-19 11:56:20,312]-[ERROR]-[TestRecharge]-[日志信息:取现第23条用例执行结果：Failed]-[47]
[2019-02-19 11:57:10,496]-[INFO]-[TestRecharge]-[日志信息:开始执行第1条用例]-[35]
[2019-02-19 11:57:10,703]-[INFO]-[TestRecharge]-[日志信息:投资第1条用例执行结果：Pass]-[43]
[2019-02-19 11:57:10,704]-[INFO]-[TestRecharge]-[日志信息:开始执行第2条用例]-[35]
[2019-02-19 11:57:10,830]-[INFO]-[TestRecharge]-[日志信息:投资第2条用例执行结果：Pass]-[43]
[2019-02-19 11:57:10,881]-[INFO]-[TestRecharge]-[日志信息:开始执行第3条用例]-[35]
[2019-02-19 11:57:11,032]-[INFO]-[TestRecharge]-[日志信息:投资第3条用例执行结果：Pass]-[43]
[2019-02-19 11:57:11,033]-[INFO]-[TestRecharge]-[日志信息:开始执行第4条用例]-[35]
[2019-02-19 11:57:11,187]-[ERROR]-[TestRecharge]-[日志信息:投资第4条用例执行结果：Failed]-[55]
[2019-02-19 11:57:11,189]-[INFO]-[TestRecharge]-[日志信息:开始执行第5条用例]-[35]
[2019-02-19 11:57:11,322]-[INFO]-[TestRecharge]-[日志信息:投资第5条用例执行结果：Pass]-[43]
[2019-02-19 11:57:11,323]-[INFO]-[TestRecharge]-[日志信息:开始执行第6条用例]-[35]
[2019-02-19 11:57:11,455]-[INFO]-[TestRecharge]-[日志信息:投资第6条用例执行结果：Pass]-[43]
[2019-02-19 11:57:11,456]-[INFO]-[TestRecharge]-[日志信息:开始执行第7条用例]-[35]
[2019-02-19 11:57:11,570]-[INFO]-[TestRecharge]-[日志信息:投资第7条用例执行结果：Pass]-[43]
[2019-02-19 11:57:11,571]-[INFO]-[TestRecharge]-[日志信息:开始执行第8条用例]-[35]
[2019-02-19 11:57:11,688]-[INFO]-[TestRecharge]-[日志信息:投资第8条用例执行结果：Pass]-[43]
[2019-02-19 11:57:11,689]-[INFO]-[TestRecharge]-[日志信息:开始执行第9条用例]-[35]
[2019-02-19 11:57:11,806]-[INFO]-[TestRecharge]-[日志信息:投资第9条用例执行结果：Pass]-[43]
[2019-02-19 11:57:11,806]-[INFO]-[TestRecharge]-[日志信息:开始执行第10条用例]-[35]
[2019-02-19 11:57:11,921]-[INFO]-[TestRecharge]-[日志信息:投资第10条用例执行结果：Pass]-[43]
[2019-02-19 11:57:11,922]-[INFO]-[TestRecharge]-[日志信息:开始执行第11条用例]-[35]
[2019-02-19 11:57:12,036]-[INFO]-[TestRecharge]-[日志信息:投资第11条用例执行结果：Pass]-[43]
[2019-02-19 11:57:12,037]-[INFO]-[TestRecharge]-[日志信息:开始执行第12条用例]-[35]
[2019-02-19 11:57:12,154]-[INFO]-[TestRecharge]-[日志信息:投资第12条用例执行结果：Pass]-[43]
[2019-02-19 11:57:12,155]-[INFO]-[TestRecharge]-[日志信息:开始执行第13条用例]-[35]
[2019-02-19 11:57:12,285]-[INFO]-[TestRecharge]-[日志信息:投资第13条用例执行结果：Pass]-[43]
[2019-02-19 11:57:12,285]-[INFO]-[TestRecharge]-[日志信息:开始执行第14条用例]-[35]
[2019-02-19 11:57:12,403]-[INFO]-[TestRecharge]-[日志信息:投资第14条用例执行结果：Pass]-[43]
[2019-02-19 11:57:12,404]-[INFO]-[TestRecharge]-[日志信息:开始执行第15条用例]-[35]
[2019-02-19 11:57:12,545]-[INFO]-[TestRecharge]-[日志信息:投资第15条用例执行结果：Pass]-[43]
[2019-02-19 11:57:12,546]-[INFO]-[TestRecharge]-[日志信息:开始执行第16条用例]-[35]
[2019-02-19 11:57:12,671]-[INFO]-[TestRecharge]-[日志信息:投资第16条用例执行结果：Pass]-[43]
[2019-02-19 11:57:12,672]-[INFO]-[TestRecharge]-[日志信息:开始执行第17条用例]-[35]
[2019-02-19 11:57:12,816]-[INFO]-[TestRecharge]-[日志信息:投资第17条用例执行结果：Pass]-[43]
[2019-02-19 11:57:12,817]-[INFO]-[TestRecharge]-[日志信息:开始执行第18条用例]-[35]
[2019-02-19 11:57:12,938]-[INFO]-[TestRecharge]-[日志信息:投资第18条用例执行结果：Pass]-[43]
[2019-02-19 11:57:12,939]-[INFO]-[TestRecharge]-[日志信息:开始执行第19条用例]-[35]
[2019-02-19 11:57:13,095]-[INFO]-[TestRecharge]-[日志信息:投资第19条用例执行结果：Pass]-[43]
[2019-02-19 11:57:13,096]-[INFO]-[TestRecharge]-[日志信息:开始执行第20条用例]-[35]
[2019-02-19 11:57:13,223]-[INFO]-[TestRecharge]-[日志信息:投资第20条用例执行结果：Pass]-[43]
[2019-02-19 11:57:13,224]-[INFO]-[TestRecharge]-[日志信息:开始执行第21条用例]-[35]
[2019-02-19 11:57:13,348]-[ERROR]-[TestRecharge]-[日志信息:投资第21条用例执行结果：Failed]-[55]
[2019-02-19 11:57:13,350]-[INFO]-[TestRecharge]-[日志信息:开始执行第22条用例]-[35]
[2019-02-19 11:57:13,479]-[INFO]-[TestRecharge]-[日志信息:投资第22条用例执行结果：Pass]-[43]
[2019-02-19 11:57:13,480]-[INFO]-[TestRecharge]-[日志信息:开始执行第23条用例]-[35]
[2019-02-19 11:57:13,603]-[INFO]-[TestRecharge]-[日志信息:投资第23条用例执行结果：Pass]-[43]
[2019-02-19 11:57:13,603]-[INFO]-[TestRecharge]-[日志信息:开始执行第24条用例]-[35]
[2019-02-19 11:57:13,747]-[INFO]-[TestRecharge]-[日志信息:投资第24条用例执行结果：Pass]-[43]
[2019-02-19 11:57:13,748]-[INFO]-[TestRecharge]-[日志信息:开始执行第25条用例]-[35]
[2019-02-19 11:57:13,872]-[ERROR]-[TestRecharge]-[日志信息:投资第25条用例执行结果：Failed]-[55]
[2019-02-19 11:57:13,873]-[INFO]-[TestRecharge]-[日志信息:开始执行第26条用例]-[35]
[2019-02-19 11:57:14,030]-[ERROR]-[TestRecharge]-[日志信息:投资第26条用例执行结果：Failed]-[55]
[2019-02-19 11:57:14,032]-[INFO]-[TestRecharge]-[日志信息:开始执行第27条用例]-[35]
[2019-02-19 11:57:14,153]-[INFO]-[TestRecharge]-[日志信息:投资第27条用例执行结果：Pass]-[43]
[2019-02-19 11:57:14,154]-[INFO]-[TestRecharge]-[日志信息:开始执行第28条用例]-[35]
[2019-02-19 11:57:14,274]-[INFO]-[TestRecharge]-[日志信息:投资第28条用例执行结果：Pass]-[43]
[2019-02-19 11:57:14,275]-[INFO]-[TestRecharge]-[日志信息:开始执行第29条用例]-[35]
[2019-02-19 11:57:14,415]-[INFO]-[TestRecharge]-[日志信息:投资第29条用例执行结果：Pass]-[43]
[2019-02-19 11:57:14,416]-[INFO]-[TestRecharge]-[日志信息:开始执行第30条用例]-[35]
[2019-02-19 11:57:14,557]-[INFO]-[TestRecharge]-[日志信息:投资第30条用例执行结果：Pass]-[43]
[2019-02-19 11:57:14,557]-[INFO]-[TestRecharge]-[日志信息:开始执行第31条用例]-[35]
[2019-02-19 11:57:14,674]-[INFO]-[TestRecharge]-[日志信息:投资第31条用例执行结果：Pass]-[43]
[2019-02-19 11:57:14,675]-[INFO]-[TestRecharge]-[日志信息:开始执行第32条用例]-[35]
[2019-02-19 11:57:14,793]-[INFO]-[TestRecharge]-[日志信息:投资第32条用例执行结果：Pass]-[43]
[2019-02-19 11:57:14,794]-[INFO]-[TestRecharge]-[日志信息:开始执行第33条用例]-[35]
[2019-02-19 11:57:14,945]-[INFO]-[TestRecharge]-[日志信息:投资第33条用例执行结果：Pass]-[43]
[2019-02-19 11:57:14,946]-[INFO]-[TestRecharge]-[日志信息:开始执行第34条用例]-[35]
[2019-02-19 11:57:15,098]-[INFO]-[TestRecharge]-[日志信息:投资第34条用例执行结果：Pass]-[43]
[2019-02-19 11:57:15,099]-[INFO]-[TestRecharge]-[日志信息:开始执行第35条用例]-[35]
[2019-02-19 11:57:15,231]-[INFO]-[TestRecharge]-[日志信息:投资第35条用例执行结果：Pass]-[43]
[2019-02-19 11:57:15,231]-[INFO]-[TestRecharge]-[日志信息:开始执行第36条用例]-[35]
[2019-02-19 11:57:15,356]-[ERROR]-[TestRecharge]-[日志信息:投资第36条用例执行结果：Failed]-[55]
[2019-02-19 11:57:15,357]-[INFO]-[TestRecharge]-[日志信息:开始执行第37条用例]-[35]
[2019-02-19 11:57:15,501]-[ERROR]-[TestRecharge]-[日志信息:投资第37条用例执行结果：Failed]-[55]
[2019-02-19 11:57:15,502]-[INFO]-[TestRecharge]-[日志信息:开始执行第38条用例]-[35]
[2019-02-19 11:57:15,652]-[INFO]-[TestRecharge]-[日志信息:投资第38条用例执行结果：Pass]-[43]
